#
# There is insufficient memory for the Java Runtime Environment to continue.
# Native memory allocation (malloc) failed to allocate 2097152 bytes. Error detail: AllocateHeap
# Possible reasons:
#   The system is out of physical RAM or swap space
#   This process is running with CompressedOops enabled, and the Java Heap may be blocking the growth of the native heap
# Possible solutions:
#   Reduce memory load on the system
#   Increase physical memory or swap space
#   Check if swap backing store is full
#   Decrease Java heap size (-Xmx/-Xms)
#   Decrease number of Java threads
#   Decrease Java thread stack sizes (-Xss)
#   Set larger code cache with -XX:ReservedCodeCacheSize=
#   JVM is running with Zero Based Compressed Oops mode in which the Java heap is
#     placed in the first 32GB address space. The Java Heap base address is the
#     maximum limit for the native heap growth. Please use -XX:HeapBaseMinAddress
#     to set the Java Heap base and to place the Java Heap above 32GB virtual address.
# This output file may be truncated or incomplete.
#
#  Out of Memory Error (allocation.cpp:44), pid=9736, tid=2212
#
# JRE version: Java(TM) SE Runtime Environment (24.0.2+12) (build 24.0.2+12-54)
# Java VM: Java HotSpot(TM) 64-Bit Server VM (24.0.2+12-54, mixed mode, emulated-client, sharing, tiered, compressed oops, compressed class ptrs, g1 gc, windows-amd64)
# No core dump will be written. Minidumps are not enabled by default on client versions of Windows
#

---------------  S U M M A R Y ------------

Command Line: -XX:TieredStopAtLevel=1 -Dspring.output.ansi.enabled=always -Dcom.sun.management.jmxremote -Dspring.jmx.enabled=true -Dspring.liveBeansView.mbeanDomain -Dspring.application.admin.enabled=true -Dmanagement.endpoints.jmx.exposure.include=* -javaagent:C:\Program Files\JetBrains\IntelliJ IDEA 2025.2.2\lib\idea_rt.jar=49962 -Dfile.encoding=UTF-8 -Dsun.stdout.encoding=UTF-8 -Dsun.stderr.encoding=UTF-8 iuh.fit.se.KltnBackendApplication

Host: AMD Ryzen 5 5500U with Radeon Graphics         , 12 cores, 15G,  Windows 11 , 64 bit Build 26100 (10.0.26100.5074)
Time: Fri Oct 10 01:29:11 2025 SE Asia Standard Time elapsed time: 742.197231 seconds (0d 0h 12m 22s)

---------------  T H R E A D  ---------------

Current thread (0x0000026cf67088f0):  VMThread "VM Thread"          [id=2212, stack(0x000000c5ed100000,0x000000c5ed200000) (1024K)]

Stack: [0x000000c5ed100000,0x000000c5ed200000]
Native frames: (J=compiled Java code, j=interpreted, Vv=VM code, C=native code)
V  [jvm.dll+0x730829]  (no source info available)
V  [jvm.dll+0x8d9da3]  (no source info available)
V  [jvm.dll+0x8dc28d]  (no source info available)
V  [jvm.dll+0x8dc903]  (no source info available)
V  [jvm.dll+0x2a9f56]  (no source info available)
V  [jvm.dll+0xbea27]  (no source info available)
V  [jvm.dll+0x37a8d2]  (no source info available)
V  [jvm.dll+0x3757e9]  (no source info available)
V  [jvm.dll+0x35cc12]  (no source info available)
V  [jvm.dll+0x3a8474]  (no source info available)
V  [jvm.dll+0x8e29c2]  (no source info available)
V  [jvm.dll+0x8e3d0c]  (no source info available)
V  [jvm.dll+0x8e4278]  (no source info available)
V  [jvm.dll+0x8e4513]  (no source info available)
V  [jvm.dll+0x87d9eb]  (no source info available)
V  [jvm.dll+0x72ef45]  (no source info available)
C  [ucrtbase.dll+0x37b0]  (no source info available)
C  [KERNEL32.DLL+0x2e8d7]  (no source info available)
C  [ntdll.dll+0x8d9c]  (no source info available)

VM_Operation (0x000000c5ec7ff0e0): G1CollectFull, mode: safepoint, requested by thread 0x0000026cc65f95b0


---------------  P R O C E S S  ---------------

Threads class SMR info:
_java_thread_list=0x0000026cc839b530, length=16, elements={
0x0000026cf6716f50, 0x0000026cf6717690, 0x0000026cf6718550, 0x0000026cf6719630,
0x0000026cf671b170, 0x0000026cf6723cb0, 0x0000026cf6724910, 0x0000026cc518fa90,
0x0000026cc58287c0, 0x0000026cc5825fd0, 0x0000026cc6171490, 0x0000026cc6448090,
0x0000026cc60af2a0, 0x0000026cc8a7ce10, 0x0000026cc65f95b0, 0x0000026cc8a7d560
}

Java Threads: ( => current thread )
  0x0000026cf6716f50 JavaThread "Reference Handler"          daemon [_thread_blocked, id=3724, stack(0x000000c5ed200000,0x000000c5ed300000) (1024K)]
  0x0000026cf6717690 JavaThread "Finalizer"                  daemon [_thread_blocked, id=8076, stack(0x000000c5ed300000,0x000000c5ed400000) (1024K)]
  0x0000026cf6718550 JavaThread "Signal Dispatcher"          daemon [_thread_blocked, id=8052, stack(0x000000c5ed400000,0x000000c5ed500000) (1024K)]
  0x0000026cf6719630 JavaThread "Attach Listener"            daemon [_thread_blocked, id=14100, stack(0x000000c5ed500000,0x000000c5ed600000) (1024K)]
  0x0000026cf671b170 JavaThread "Service Thread"             daemon [_thread_blocked, id=2608, stack(0x000000c5ed600000,0x000000c5ed700000) (1024K)]
  0x0000026cf6723cb0 JavaThread "Monitor Deflation Thread"   daemon [_thread_blocked, id=7672, stack(0x000000c5ed700000,0x000000c5ed800000) (1024K)]
  0x0000026cf6724910 JavaThread "C1 CompilerThread0"         daemon [_thread_blocked, id=8196, stack(0x000000c5ed800000,0x000000c5ed900000) (1024K)]
  0x0000026cc518fa90 JavaThread "Common-Cleaner"             daemon [_thread_blocked, id=17748, stack(0x000000c5eda00000,0x000000c5edb00000) (1024K)]
  0x0000026cc58287c0 JavaThread "Monitor Ctrl-Break"         daemon [_thread_in_native, id=14928, stack(0x000000c5edc00000,0x000000c5edd00000) (1024K)]
  0x0000026cc5825fd0 JavaThread "Notification Thread"        daemon [_thread_blocked, id=18124, stack(0x000000c5edd00000,0x000000c5ede00000) (1024K)]
  0x0000026cc6171490 JavaThread "RMI TCP Accept-0"           daemon [_thread_in_native, id=10324, stack(0x000000c5edf00000,0x000000c5ee000000) (1024K)]
  0x0000026cc6448090 JavaThread "RMI Scheduler(0)"           daemon [_thread_blocked, id=17324, stack(0x000000c5ee900000,0x000000c5eea00000) (1024K)]
  0x0000026cc60af2a0 JavaThread "Live Reload Server"         daemon [_thread_in_native, id=9920, stack(0x000000c5eff00000,0x000000c5f0000000) (1024K)]
  0x0000026cc8a7ce10 JavaThread "DestroyJavaVM"                     [_thread_blocked, id=12484, stack(0x000000c5eca00000,0x000000c5ecb00000) (1024K)]
  0x0000026cc65f95b0 JavaThread "Thread-11"                         [_thread_blocked, id=13668, stack(0x000000c5ec700000,0x000000c5ec800000) (1024K)]
  0x0000026cc8a7d560 JavaThread "globalEventExecutor-2-6"           [_thread_blocked, id=10512, stack(0x000000c5ef500000,0x000000c5ef600000) (1024K)]
Total: 16

Other Threads:
=>0x0000026cf67088f0 VMThread "VM Thread"                           [id=2212, stack(0x000000c5ed100000,0x000000c5ed200000) (1024K)]
  0x0000026cf65d2490 WatcherThread "VM Periodic Task Thread"        [id=6616, stack(0x000000c5ed000000,0x000000c5ed100000) (1024K)]
  0x0000026ce38500f0 WorkerThread "GC Thread#0"                     [id=18652, stack(0x000000c5ecb00000,0x000000c5ecc00000) (1024K)]
  0x0000026cc63cb420 WorkerThread "GC Thread#1"                     [id=17780, stack(0x000000c5ee200000,0x000000c5ee300000) (1024K)]
  0x0000026cc63cb7d0 WorkerThread "GC Thread#2"                     [id=20364, stack(0x000000c5ee300000,0x000000c5ee400000) (1024K)]
  0x0000026cc63cbb80 WorkerThread "GC Thread#3"                     [id=13960, stack(0x000000c5ee400000,0x000000c5ee500000) (1024K)]
  0x0000026cc63cc340 WorkerThread "GC Thread#4"                     [id=15884, stack(0x000000c5ee500000,0x000000c5ee600000) (1024K)]
  0x0000026cc63cc6f0 WorkerThread "GC Thread#5"                     [id=16560, stack(0x000000c5ee600000,0x000000c5ee700000) (1024K)]
  0x0000026cc640c960 WorkerThread "GC Thread#6"                     [id=9188, stack(0x000000c5ee700000,0x000000c5ee800000) (1024K)]
  0x0000026cc6566680 WorkerThread "GC Thread#7"                     [id=12972, stack(0x000000c5eeb00000,0x000000c5eec00000) (1024K)]
  0x0000026cc6566a30 WorkerThread "GC Thread#8"                     [id=4644, stack(0x000000c5eec00000,0x000000c5eed00000) (1024K)]
  0x0000026cc6565f20 WorkerThread "GC Thread#9"                     [id=7704, stack(0x000000c5eed00000,0x000000c5eee00000) (1024K)]
  0x0000026ce3864da0 ConcurrentGCThread "G1 Main Marker"            [id=20368, stack(0x000000c5ecc00000,0x000000c5ecd00000) (1024K)]
  0x0000026ce3869270 WorkerThread "G1 Conc#0"                       [id=18228, stack(0x000000c5ecd00000,0x000000c5ece00000) (1024K)]
  0x0000026cc65662d0 WorkerThread "G1 Conc#1"                       [id=18880, stack(0x000000c5eee00000,0x000000c5eef00000) (1024K)]
  0x0000026cc6566de0 WorkerThread "G1 Conc#2"                       [id=6340, stack(0x000000c5eef00000,0x000000c5ef000000) (1024K)]
  0x0000026cf65c2fa0 ConcurrentGCThread "G1 Refine#0"               [id=10476, stack(0x000000c5ece00000,0x000000c5ecf00000) (1024K)]
  0x0000026cf65c37d0 ConcurrentGCThread "G1 Service"                [id=9444, stack(0x000000c5ecf00000,0x000000c5ed000000) (1024K)]
Total: 18

Threads with active compile tasks:
Total: 0

VM state: at safepoint (normal execution)

VM Mutex/Monitor currently owned by a thread:  ([mutex/lock_event])
[0x00007fff00e644f0] Threads_lock - owner thread: 0x0000026cf67088f0
[0x00007fff00e645f0] Heap_lock - owner thread: 0x0000026cc65f95b0

Heap address: 0x000000070a200000, size: 3934 MB, Compressed Oops mode: Zero based, Oop shift amount: 3

CDS archive(s) mapped at: [0x0000026c80000000-0x0000026c80d40000-0x0000026c80d40000), size 13893632, SharedBaseAddress: 0x0000026c80000000, ArchiveRelocationMode: 1.
Compressed class space mapped at: 0x0000026c81000000-0x0000026cc1000000, reserved size: 1073741824
UseCompressedClassPointers 1, UseCompactObjectHeaders 0
Narrow klass pointer bits 32, Max shift 3
Narrow klass base: 0x0000026c80000000, Narrow klass shift: 0
Encoding Range: [0x0000026c80000000 - 0x0000026d80000000), (4294967296 bytes)
Klass Range:    [0x0000026c80000000 - 0x0000026cc1000000), (1090519040 bytes)
Klass ID Range:  [8 - 1090519033) (1090519025)

GC Precious Log:
 CardTable entry size: 512
 Card Set container configuration: InlinePtr #cards 4 size 8 Array Of Cards #cards 16 size 48 Howl #buckets 8 coarsen threshold 3686 Howl Bitmap #cards 512 size 80 coarsen threshold 460 Card regions per heap region 1 cards per card region 4096
 CPUs: 12 total, 12 available
 Memory: 15733M
 Large Page Support: Disabled
 NUMA Support: Disabled
 Compressed Oops: Enabled (Zero based)
 Heap Region Size: 2M
 Heap Min Capacity: 8M
 Heap Initial Capacity: 246M
 Heap Max Capacity: 3934M
 Pre-touch: Disabled
 Parallel Workers: 10
 Concurrent Workers: 3
 Concurrent Refinement Workers: 10
 Periodic GC: Disabled

Heap:
 garbage-first heap   total reserved 4028416K, committed 184320K, used 107764K [0x000000070a200000, 0x0000000800000000)
  region size 2048K, 25 young (51200K), 5 survivors (10240K)
 Metaspace       used 111822K, committed 112704K, reserved 1179648K
  class space    used 13033K, committed 13440K, reserved 1048576K

Heap Regions: E=young(eden), S=young(survivor), O=old, HS=humongous(starts), HC=humongous(continues), CS=collection set, F=free, TAMS=top-at-mark-start, PB=parsable bottom
|   0|0x000000070a200000, 0x000000070a400000, 0x000000070a400000|100%| O|  |TAMS 0x000000070a200000| PB 0x000000070a200000| Untracked |  0
|   1|0x000000070a400000, 0x000000070a600000, 0x000000070a600000|100%| O|  |TAMS 0x000000070a400000| PB 0x000000070a400000| Untracked |  0
|   2|0x000000070a600000, 0x000000070a7ffff8, 0x000000070a800000| 99%| O|  |TAMS 0x000000070a600000| PB 0x000000070a600000| Untracked |  0
|   3|0x000000070a800000, 0x000000070a9fffe0, 0x000000070aa00000| 99%| O|  |TAMS 0x000000070a800000| PB 0x000000070a800000| Untracked |  0
|   4|0x000000070aa00000, 0x000000070abfffe8, 0x000000070ac00000| 99%| O|  |TAMS 0x000000070aa00000| PB 0x000000070aa00000| Untracked |  0
|   5|0x000000070ac00000, 0x000000070ae00000, 0x000000070ae00000|100%| O|  |TAMS 0x000000070ac00000| PB 0x000000070ac00000| Untracked |  0
|   6|0x000000070ae00000, 0x000000070b000000, 0x000000070b000000|100%| O|  |TAMS 0x000000070ae00000| PB 0x000000070ae00000| Untracked |  0
|   7|0x000000070b000000, 0x000000070b1fffc8, 0x000000070b200000| 99%| O|  |TAMS 0x000000070b000000| PB 0x000000070b000000| Untracked |  0
|   8|0x000000070b200000, 0x000000070b3fffd8, 0x000000070b400000| 99%| O|  |TAMS 0x000000070b200000| PB 0x000000070b200000| Untracked |  0
|   9|0x000000070b400000, 0x000000070b5fffb8, 0x000000070b600000| 99%| O|  |TAMS 0x000000070b400000| PB 0x000000070b400000| Untracked |  0
|  10|0x000000070b600000, 0x000000070b7fff70, 0x000000070b800000| 99%| O|  |TAMS 0x000000070b600000| PB 0x000000070b600000| Untracked |  0
|  11|0x000000070b800000, 0x000000070ba00000, 0x000000070ba00000|100%| O|  |TAMS 0x000000070b800000| PB 0x000000070b800000| Untracked |  0
|  12|0x000000070ba00000, 0x000000070bbfffc0, 0x000000070bc00000| 99%| O|  |TAMS 0x000000070ba00000| PB 0x000000070ba00000| Untracked |  0
|  13|0x000000070bc00000, 0x000000070bdfffe8, 0x000000070be00000| 99%| O|  |TAMS 0x000000070bc00000| PB 0x000000070bc00000| Untracked |  0
|  14|0x000000070be00000, 0x000000070bffffb8, 0x000000070c000000| 99%| O|  |TAMS 0x000000070be00000| PB 0x000000070be00000| Untracked |  0
|  15|0x000000070c000000, 0x000000070c1ffff8, 0x000000070c200000| 99%| O|  |TAMS 0x000000070c000000| PB 0x000000070c000000| Untracked |  0
|  16|0x000000070c200000, 0x000000070c400000, 0x000000070c400000|100%| O|  |TAMS 0x000000070c200000| PB 0x000000070c200000| Untracked |  0
|  17|0x000000070c400000, 0x000000070c5fffe8, 0x000000070c600000| 99%| O|  |TAMS 0x000000070c400000| PB 0x000000070c400000| Untracked |  0
|  18|0x000000070c600000, 0x000000070c7dc300, 0x000000070c800000| 93%| O|  |TAMS 0x000000070c600000| PB 0x000000070c600000| Untracked |  0
|  19|0x000000070c800000, 0x000000070c923a88, 0x000000070ca00000| 56%| O|  |TAMS 0x000000070c800000| PB 0x000000070c800000| Untracked |  0
|  20|0x000000070ca00000, 0x000000070cac8e08, 0x000000070cc00000| 39%| O|  |TAMS 0x000000070ca00000| PB 0x000000070ca00000| Untracked |  0
|  21|0x000000070cc00000, 0x000000070cdb1140, 0x000000070ce00000| 84%| O|  |TAMS 0x000000070cc00000| PB 0x000000070cc00000| Untracked |  0
|  22|0x000000070ce00000, 0x000000070d000000, 0x000000070d000000|100%| O|  |TAMS 0x000000070ce00000| PB 0x000000070ce00000| Untracked |  0
|  23|0x000000070d000000, 0x000000070d1add48, 0x000000070d200000| 83%| O|  |TAMS 0x000000070d000000| PB 0x000000070d000000| Untracked |  0
|  24|0x000000070d200000, 0x000000070d400000, 0x000000070d400000|100%| O|  |TAMS 0x000000070d200000| PB 0x000000070d200000| Untracked |  0
|  25|0x000000070d400000, 0x000000070d600000, 0x000000070d600000|100%| O|  |TAMS 0x000000070d400000| PB 0x000000070d400000| Untracked |  0
|  26|0x000000070d600000, 0x000000070d800000, 0x000000070d800000|100%| O|  |TAMS 0x000000070d600000| PB 0x000000070d600000| Untracked |  0
|  27|0x000000070d800000, 0x000000070da00000, 0x000000070da00000|100%| O|  |TAMS 0x000000070d800000| PB 0x000000070d800000| Untracked |  0
|  28|0x000000070da00000, 0x000000070dc00000, 0x000000070dc00000|100%| O|  |TAMS 0x000000070da00000| PB 0x000000070da00000| Untracked |  0
|  29|0x000000070dc00000, 0x000000070dc00000, 0x000000070de00000|  0%| F|  |TAMS 0x000000070dc00000| PB 0x000000070dc00000| Untracked |  0
|  30|0x000000070de00000, 0x000000070deb4060, 0x000000070e000000| 35%| O|  |TAMS 0x000000070de00000| PB 0x000000070de00000| Untracked |  0
|  31|0x000000070e000000, 0x000000070e05dfd0, 0x000000070e200000| 18%| O|  |TAMS 0x000000070e000000| PB 0x000000070e000000| Untracked |  0
|  32|0x000000070e200000, 0x000000070e200000, 0x000000070e400000|  0%| F|  |TAMS 0x000000070e200000| PB 0x000000070e200000| Untracked |  0
|  33|0x000000070e400000, 0x000000070e400000, 0x000000070e600000|  0%| F|  |TAMS 0x000000070e400000| PB 0x000000070e400000| Untracked |  0
|  34|0x000000070e600000, 0x000000070e600000, 0x000000070e800000|  0%| F|  |TAMS 0x000000070e600000| PB 0x000000070e600000| Untracked |  0
|  35|0x000000070e800000, 0x000000070e800000, 0x000000070ea00000|  0%| F|  |TAMS 0x000000070e800000| PB 0x000000070e800000| Untracked |  0
|  36|0x000000070ea00000, 0x000000070eb03ab0, 0x000000070ec00000| 50%| S|CS|TAMS 0x000000070ea00000| PB 0x000000070ea00000| Complete |  0
|  37|0x000000070ec00000, 0x000000070ee00000, 0x000000070ee00000|100%| S|CS|TAMS 0x000000070ec00000| PB 0x000000070ec00000| Complete |  0
|  38|0x000000070ee00000, 0x000000070f000000, 0x000000070f000000|100%| S|CS|TAMS 0x000000070ee00000| PB 0x000000070ee00000| Complete |  0
|  39|0x000000070f000000, 0x000000070f200000, 0x000000070f200000|100%| S|CS|TAMS 0x000000070f000000| PB 0x000000070f000000| Complete |  0
|  40|0x000000070f200000, 0x000000070f400000, 0x000000070f400000|100%| S|CS|TAMS 0x000000070f200000| PB 0x000000070f200000| Complete |  0
|  41|0x000000070f400000, 0x000000070f400000, 0x000000070f600000|  0%| F|  |TAMS 0x000000070f400000| PB 0x000000070f400000| Untracked |  0
|  42|0x000000070f600000, 0x000000070f600000, 0x000000070f800000|  0%| F|  |TAMS 0x000000070f600000| PB 0x000000070f600000| Untracked |  0
|  43|0x000000070f800000, 0x000000070f800000, 0x000000070fa00000|  0%| F|  |TAMS 0x000000070f800000| PB 0x000000070f800000| Untracked |  0
|  44|0x000000070fa00000, 0x000000070fa00000, 0x000000070fc00000|  0%| F|  |TAMS 0x000000070fa00000| PB 0x000000070fa00000| Untracked |  0
|  45|0x000000070fc00000, 0x000000070fc00000, 0x000000070fe00000|  0%| F|  |TAMS 0x000000070fc00000| PB 0x000000070fc00000| Untracked |  0
|  46|0x000000070fe00000, 0x000000070fe00000, 0x0000000710000000|  0%| F|  |TAMS 0x000000070fe00000| PB 0x000000070fe00000| Untracked |  0
|  47|0x0000000710000000, 0x0000000710000000, 0x0000000710200000|  0%| F|  |TAMS 0x0000000710000000| PB 0x0000000710000000| Untracked |  0
|  48|0x0000000710200000, 0x0000000710200000, 0x0000000710400000|  0%| F|  |TAMS 0x0000000710200000| PB 0x0000000710200000| Untracked |  0
|  49|0x0000000710400000, 0x0000000710400000, 0x0000000710600000|  0%| F|  |TAMS 0x0000000710400000| PB 0x0000000710400000| Untracked |  0
|  50|0x0000000710600000, 0x0000000710600000, 0x0000000710800000|  0%| F|  |TAMS 0x0000000710600000| PB 0x0000000710600000| Untracked |  0
|  51|0x0000000710800000, 0x0000000710800000, 0x0000000710a00000|  0%| F|  |TAMS 0x0000000710800000| PB 0x0000000710800000| Untracked |  0
|  52|0x0000000710a00000, 0x0000000710a00000, 0x0000000710c00000|  0%| F|  |TAMS 0x0000000710a00000| PB 0x0000000710a00000| Untracked |  0
|  53|0x0000000710c00000, 0x0000000710c00000, 0x0000000710e00000|  0%| F|  |TAMS 0x0000000710c00000| PB 0x0000000710c00000| Untracked |  0
|  54|0x0000000710e00000, 0x0000000710e00000, 0x0000000711000000|  0%| F|  |TAMS 0x0000000710e00000| PB 0x0000000710e00000| Untracked |  0
|  55|0x0000000711000000, 0x0000000711000000, 0x0000000711200000|  0%| F|  |TAMS 0x0000000711000000| PB 0x0000000711000000| Untracked |  0
|  56|0x0000000711200000, 0x0000000711200000, 0x0000000711400000|  0%| F|  |TAMS 0x0000000711200000| PB 0x0000000711200000| Untracked |  0
|  57|0x0000000711400000, 0x0000000711400000, 0x0000000711600000|  0%| F|  |TAMS 0x0000000711400000| PB 0x0000000711400000| Untracked |  0
|  58|0x0000000711600000, 0x0000000711600000, 0x0000000711800000|  0%| F|  |TAMS 0x0000000711600000| PB 0x0000000711600000| Untracked |  0
|  59|0x0000000711800000, 0x0000000711800000, 0x0000000711a00000|  0%| F|  |TAMS 0x0000000711800000| PB 0x0000000711800000| Untracked |  0
|  60|0x0000000711a00000, 0x0000000711a00000, 0x0000000711c00000|  0%| F|  |TAMS 0x0000000711a00000| PB 0x0000000711a00000| Untracked |  0
|  61|0x0000000711c00000, 0x0000000711c00000, 0x0000000711e00000|  0%| F|  |TAMS 0x0000000711c00000| PB 0x0000000711c00000| Untracked |  0
|  62|0x0000000711e00000, 0x0000000711e00000, 0x0000000712000000|  0%| F|  |TAMS 0x0000000711e00000| PB 0x0000000711e00000| Untracked |  0
|  63|0x0000000712000000, 0x0000000712000000, 0x0000000712200000|  0%| F|  |TAMS 0x0000000712000000| PB 0x0000000712000000| Untracked |  0
|  64|0x0000000712200000, 0x0000000712200000, 0x0000000712400000|  0%| F|  |TAMS 0x0000000712200000| PB 0x0000000712200000| Untracked |  0
|  65|0x0000000712400000, 0x0000000712400000, 0x0000000712600000|  0%| F|  |TAMS 0x0000000712400000| PB 0x0000000712400000| Untracked |  0
|  66|0x0000000712600000, 0x0000000712600000, 0x0000000712800000|  0%| F|  |TAMS 0x0000000712600000| PB 0x0000000712600000| Untracked |  0
|  67|0x0000000712800000, 0x0000000712800000, 0x0000000712a00000|  0%| F|  |TAMS 0x0000000712800000| PB 0x0000000712800000| Untracked |  0
|  68|0x0000000712a00000, 0x0000000712a00000, 0x0000000712c00000|  0%| F|  |TAMS 0x0000000712a00000| PB 0x0000000712a00000| Untracked |  0
|  69|0x0000000712c00000, 0x0000000712c6e178, 0x0000000712e00000| 21%| E|  |TAMS 0x0000000712c00000| PB 0x0000000712c00000| Complete |  0
|  70|0x0000000712e00000, 0x0000000713000000, 0x0000000713000000|100%| E|CS|TAMS 0x0000000712e00000| PB 0x0000000712e00000| Complete |  0
|  71|0x0000000713000000, 0x0000000713200000, 0x0000000713200000|100%| E|CS|TAMS 0x0000000713000000| PB 0x0000000713000000| Complete |  0
|  72|0x0000000713200000, 0x0000000713400000, 0x0000000713400000|100%| E|CS|TAMS 0x0000000713200000| PB 0x0000000713200000| Complete |  0
|  73|0x0000000713400000, 0x0000000713600000, 0x0000000713600000|100%| E|CS|TAMS 0x0000000713400000| PB 0x0000000713400000| Complete |  0
|  74|0x0000000713600000, 0x0000000713800000, 0x0000000713800000|100%| E|CS|TAMS 0x0000000713600000| PB 0x0000000713600000| Complete |  0
|  75|0x0000000713800000, 0x0000000713a00000, 0x0000000713a00000|100%| E|CS|TAMS 0x0000000713800000| PB 0x0000000713800000| Complete |  0
|  76|0x0000000713a00000, 0x0000000713c00000, 0x0000000713c00000|100%| E|CS|TAMS 0x0000000713a00000| PB 0x0000000713a00000| Complete |  0
|  77|0x0000000713c00000, 0x0000000713e00000, 0x0000000713e00000|100%| E|CS|TAMS 0x0000000713c00000| PB 0x0000000713c00000| Complete |  0
|  78|0x0000000713e00000, 0x0000000714000000, 0x0000000714000000|100%| E|CS|TAMS 0x0000000713e00000| PB 0x0000000713e00000| Complete |  0
|  79|0x0000000714000000, 0x0000000714200000, 0x0000000714200000|100%| E|CS|TAMS 0x0000000714000000| PB 0x0000000714000000| Complete |  0
|  80|0x0000000714200000, 0x0000000714400000, 0x0000000714400000|100%| E|CS|TAMS 0x0000000714200000| PB 0x0000000714200000| Complete |  0
|  81|0x0000000714400000, 0x0000000714600000, 0x0000000714600000|100%| E|CS|TAMS 0x0000000714400000| PB 0x0000000714400000| Complete |  0
|  82|0x0000000714600000, 0x0000000714800000, 0x0000000714800000|100%| E|CS|TAMS 0x0000000714600000| PB 0x0000000714600000| Complete |  0
|  83|0x0000000714800000, 0x0000000714a00000, 0x0000000714a00000|100%| E|CS|TAMS 0x0000000714800000| PB 0x0000000714800000| Complete |  0
|  84|0x0000000714a00000, 0x0000000714c00000, 0x0000000714c00000|100%| E|CS|TAMS 0x0000000714a00000| PB 0x0000000714a00000| Complete |  0
|  86|0x0000000714e00000, 0x0000000715000000, 0x0000000715000000|100%| E|CS|TAMS 0x0000000714e00000| PB 0x0000000714e00000| Complete |  0
|  87|0x0000000715000000, 0x0000000715200000, 0x0000000715200000|100%| E|CS|TAMS 0x0000000715000000| PB 0x0000000715000000| Complete |  0
|  88|0x0000000715200000, 0x0000000715400000, 0x0000000715400000|100%| E|CS|TAMS 0x0000000715200000| PB 0x0000000715200000| Complete |  0
|1964|0x00000007ffa00000, 0x00000007ffc00000, 0x00000007ffc00000|100%| E|CS|TAMS 0x00000007ffa00000| PB 0x00000007ffa00000| Complete |  0
|1965|0x00000007ffc00000, 0x00000007ffe00000, 0x00000007ffe00000|100%| O|  |TAMS 0x00000007ffc00000| PB 0x00000007ffc00000| Untracked |  0

Card table byte_map: [0x0000026cefc50000,0x0000026cf0400000] _byte_map_base: 0x0000026cec3ff000

Marking Bits: (CMBitMap*) 0x0000026ce3850f20
 Bits: [0x0000026cf0400000, 0x0000026cf4178000)

Polling page: 0x0000026ce15b0000

Metaspace:

Usage:
  Non-class:     96.47 MB used.
      Class:     12.73 MB used.
       Both:    109.20 MB used.

Virtual space:
  Non-class space:      128.00 MB reserved,      96.94 MB ( 76%) committed,  2 nodes.
      Class space:        1.00 GB reserved,      13.12 MB (  1%) committed,  1 nodes.
             Both:        1.12 GB reserved,     110.06 MB ( 10%) committed. 

Chunk freelists:
   Non-Class:  15.07 MB
       Class:  2.90 MB
        Both:  17.98 MB

MaxMetaspaceSize: unlimited
CompressedClassSpaceSize: 1.00 GB
Initial GC threshold: 21.00 MB
Current GC threshold: 180.25 MB
CDS: on
 - commit_granule_bytes: 65536.
 - commit_granule_words: 8192.
 - virtual_space_node_default_size: 8388608.
 - enlarge_chunks_in_place: 1.
UseCompressedClassPointers 1, UseCompactObjectHeaders 0
Narrow klass pointer bits 32, Max shift 3
Narrow klass base: 0x0000026c80000000, Narrow klass shift: 0
Encoding Range: [0x0000026c80000000 - 0x0000026d80000000), (4294967296 bytes)
Klass Range:    [0x0000026c80000000 - 0x0000026cc1000000), (1090519040 bytes)
Klass ID Range:  [8 - 1090519033) (1090519025)


Internal statistics:

num_allocs_failed_limit: 9.
num_arena_births: 1786.
num_arena_deaths: 532.
num_vsnodes_births: 3.
num_vsnodes_deaths: 0.
num_space_committed: 1761.
num_space_uncommitted: 0.
num_chunks_returned_to_freelist: 564.
num_chunks_taken_from_freelist: 6116.
num_chunk_merges: 123.
num_chunk_splits: 4296.
num_chunks_enlarged: 3489.
num_inconsistent_stats: 0.

CodeCache: size=49152Kb used=16159Kb max_used=17839Kb free=32992Kb
 bounds [0x0000026cec060000, 0x0000026ced1d0000, 0x0000026cef060000]
 total_blobs=11996, nmethods=11200, adapters=719, full_count=0
Compilation: enabled, stopped_count=0, restarted_count=0

Compilation events (20 events):
Event: 741.158 Thread 0x0000026cf6724910 16276   !   1       org.springframework.context.event.AbstractApplicationEventMulticaster::supportsEvent (104 bytes)
Event: 741.159 Thread 0x0000026cf6724910 nmethod 16276 0x0000026cec43a988 code [0x0000026cec43ab40, 0x0000026cec43b008]
Event: 741.170 Thread 0x0000026cf6724910 16277       1       java.net.InetSocketAddress$InetSocketAddressHolder::getAddress (5 bytes)
Event: 741.170 Thread 0x0000026cf6724910 nmethod 16277 0x0000026cec43a688 code [0x0000026cec43a780, 0x0000026cec43a848]
Event: 741.174 Thread 0x0000026cf6724910 16278       1       java.lang.Thread::threadContainer (5 bytes)
Event: 741.174 Thread 0x0000026cf6724910 nmethod 16278 0x0000026cec43a388 code [0x0000026cec43a480, 0x0000026cec43a548]
Event: 741.175 Thread 0x0000026cf6724910 16279       1       org.apache.tomcat.util.threads.ThreadPoolExecutor::runStateAtLeast (11 bytes)
Event: 741.175 Thread 0x0000026cf6724910 nmethod 16279 0x0000026cec43a088 code [0x0000026cec43a180, 0x0000026cec43a238]
Event: 741.184 Thread 0x0000026cf6724910 16280   !   1       org.hibernate.internal.util.collections.BoundedConcurrentHashMap$Segment::clear (60 bytes)
Event: 741.184 Thread 0x0000026cf6724910 nmethod 16280 0x0000026cec439a88 code [0x0000026cec439c20, 0x0000026cec43a018]
Event: 741.185 Thread 0x0000026cf6724910 16281       1       java.util.concurrent.ThreadPoolExecutor::isRunning (10 bytes)
Event: 741.185 Thread 0x0000026cf6724910 nmethod 16281 0x0000026cec439788 code [0x0000026cec439880, 0x0000026cec439938]
Event: 741.185 Thread 0x0000026cf6724910 16282       1       com.zaxxer.hikari.pool.PoolEntry::compareAndSet (10 bytes)
Event: 741.185 Thread 0x0000026cf6724910 nmethod 16282 0x0000026cec439488 code [0x0000026cec4395a0, 0x0000026cec439728]
Event: 741.191 Thread 0x0000026cf6724910 16283       1       java.io.SerialCallbackContext::getDesc (5 bytes)
Event: 741.191 Thread 0x0000026cf6724910 nmethod 16283 0x0000026cec439188 code [0x0000026cec439280, 0x0000026cec439348]
Event: 741.191 Thread 0x0000026cf6724910 16284       1       java.io.ObjectOutputStream::writeInt (9 bytes)
Event: 741.191 Thread 0x0000026cf6724910 nmethod 16284 0x0000026cec438e88 code [0x0000026cec438fa0, 0x0000026cec439088]
Event: 741.192 Thread 0x0000026cf6724910 16285       1       org.apache.catalina.core.StandardContext::getInstanceManager (5 bytes)
Event: 741.192 Thread 0x0000026cf6724910 nmethod 16285 0x0000026cec438b88 code [0x0000026cec438c80, 0x0000026cec438d50]

GC Heap History (20 events):
Event: 194.216 GC heap after
{Heap after GC invocations=37 (full 0):
 garbage-first heap   total reserved 4028416K, committed 198656K, used 73680K [0x000000070a200000, 0x0000000800000000)
  region size 2048K, 4 young (8192K), 4 survivors (8192K)
 Metaspace       used 105779K, committed 106624K, reserved 1179648K
  class space    used 12372K, committed 12736K, reserved 1048576K
}
Event: 500.341 GC heap before
{Heap before GC invocations=38 (full 0):
 garbage-first heap   total reserved 4028416K, committed 198656K, used 163792K [0x000000070a200000, 0x0000000800000000)
  region size 2048K, 48 young (98304K), 4 survivors (8192K)
 Metaspace       used 105627K, committed 106624K, reserved 1179648K
  class space    used 12327K, committed 12736K, reserved 1048576K
}
Event: 500.345 GC heap after
{Heap after GC invocations=39 (full 0):
 garbage-first heap   total reserved 4028416K, committed 198656K, used 72741K [0x000000070a200000, 0x0000000800000000)
  region size 2048K, 2 young (4096K), 2 survivors (4096K)
 Metaspace       used 105627K, committed 106624K, reserved 1179648K
  class space    used 12327K, committed 12736K, reserved 1048576K
}
Event: 684.752 GC heap before
{Heap before GC invocations=39 (full 0):
 garbage-first heap   total reserved 4028416K, committed 198656K, used 134181K [0x000000070a200000, 0x0000000800000000)
  region size 2048K, 33 young (67584K), 2 survivors (4096K)
 Metaspace       used 106098K, committed 106880K, reserved 1179648K
  class space    used 12434K, committed 12800K, reserved 1048576K
}
Event: 684.820 GC heap after
{Heap after GC invocations=40 (full 1):
 garbage-first heap   total reserved 4028416K, committed 184320K, used 46839K [0x000000070a200000, 0x0000000800000000)
  region size 2048K, 0 young (0K), 0 survivors (0K)
 Metaspace       used 105914K, committed 106880K, reserved 1179648K
  class space    used 12383K, committed 12800K, reserved 1048576K
}
Event: 686.662 GC heap before
{Heap before GC invocations=40 (full 1):
 garbage-first heap   total reserved 4028416K, committed 184320K, used 143095K [0x000000070a200000, 0x0000000800000000)
  region size 2048K, 48 young (98304K), 0 survivors (0K)
 Metaspace       used 106671K, committed 107392K, reserved 1179648K
  class space    used 12478K, committed 12800K, reserved 1048576K
}
Event: 686.669 GC heap after
{Heap after GC invocations=41 (full 1):
 garbage-first heap   total reserved 4028416K, committed 184320K, used 56592K [0x000000070a200000, 0x0000000800000000)
  region size 2048K, 5 young (10240K), 5 survivors (10240K)
 Metaspace       used 106671K, committed 107392K, reserved 1179648K
  class space    used 12478K, committed 12800K, reserved 1048576K
}
Event: 687.958 GC heap before
{Heap before GC invocations=42 (full 1):
 garbage-first heap   total reserved 4028416K, committed 184320K, used 148752K [0x000000070a200000, 0x0000000800000000)
  region size 2048K, 50 young (102400K), 5 survivors (10240K)
 Metaspace       used 107617K, committed 108416K, reserved 1179648K
  class space    used 12611K, committed 12992K, reserved 1048576K
}
Event: 687.967 GC heap after
{Heap after GC invocations=43 (full 1):
 garbage-first heap   total reserved 4028416K, committed 184320K, used 63839K [0x000000070a200000, 0x0000000800000000)
  region size 2048K, 4 young (8192K), 4 survivors (8192K)
 Metaspace       used 107617K, committed 108416K, reserved 1179648K
  class space    used 12611K, committed 12992K, reserved 1048576K
}
Event: 689.413 GC heap before
{Heap before GC invocations=43 (full 1):
 garbage-first heap   total reserved 4028416K, committed 184320K, used 149855K [0x000000070a200000, 0x0000000800000000)
  region size 2048K, 46 young (94208K), 4 survivors (8192K)
 Metaspace       used 108709K, committed 109568K, reserved 1179648K
  class space    used 12709K, committed 13120K, reserved 1048576K
}
Event: 689.423 GC heap after
{Heap after GC invocations=44 (full 1):
 garbage-first heap   total reserved 4028416K, committed 184320K, used 69756K [0x000000070a200000, 0x0000000800000000)
  region size 2048K, 3 young (6144K), 3 survivors (6144K)
 Metaspace       used 108709K, committed 109568K, reserved 1179648K
  class space    used 12709K, committed 13120K, reserved 1048576K
}
Event: 691.422 GC heap before
{Heap before GC invocations=44 (full 1):
 garbage-first heap   total reserved 4028416K, committed 184320K, used 116860K [0x000000070a200000, 0x0000000800000000)
  region size 2048K, 27 young (55296K), 3 survivors (6144K)
 Metaspace       used 109103K, committed 110016K, reserved 1179648K
  class space    used 12769K, committed 13184K, reserved 1048576K
}
Event: 691.501 GC heap after
{Heap after GC invocations=45 (full 2):
 garbage-first heap   total reserved 4028416K, committed 184320K, used 50964K [0x000000070a200000, 0x0000000800000000)
  region size 2048K, 0 young (0K), 0 survivors (0K)
 Metaspace       used 108952K, committed 110016K, reserved 1179648K
  class space    used 12731K, committed 13184K, reserved 1048576K
}
Event: 692.744 GC heap before
{Heap before GC invocations=45 (full 2):
 garbage-first heap   total reserved 4028416K, committed 184320K, used 149268K [0x000000070a200000, 0x0000000800000000)
  region size 2048K, 48 young (98304K), 0 survivors (0K)
 Metaspace       used 109825K, committed 110720K, reserved 1179648K
  class space    used 12844K, committed 13248K, reserved 1048576K
}
Event: 692.749 GC heap after
{Heap after GC invocations=46 (full 2):
 garbage-first heap   total reserved 4028416K, committed 184320K, used 59934K [0x000000070a200000, 0x0000000800000000)
  region size 2048K, 5 young (10240K), 5 survivors (10240K)
 Metaspace       used 109825K, committed 110720K, reserved 1179648K
  class space    used 12844K, committed 13248K, reserved 1048576K
}
Event: 693.658 GC heap before
{Heap before GC invocations=47 (full 2):
 garbage-first heap   total reserved 4028416K, committed 184320K, used 152094K [0x000000070a200000, 0x0000000800000000)
  region size 2048K, 50 young (102400K), 5 survivors (10240K)
 Metaspace       used 110632K, committed 111488K, reserved 1179648K
  class space    used 12930K, committed 13312K, reserved 1048576K
}
Event: 693.664 GC heap after
{Heap after GC invocations=48 (full 2):
 garbage-first heap   total reserved 4028416K, committed 184320K, used 64268K [0x000000070a200000, 0x0000000800000000)
  region size 2048K, 3 young (6144K), 3 survivors (6144K)
 Metaspace       used 110632K, committed 111488K, reserved 1179648K
  class space    used 12930K, committed 13312K, reserved 1048576K
}
Event: 694.798 GC heap before
{Heap before GC invocations=48 (full 2):
 garbage-first heap   total reserved 4028416K, committed 184320K, used 156428K [0x000000070a200000, 0x0000000800000000)
  region size 2048K, 48 young (98304K), 3 survivors (6144K)
 Metaspace       used 111628K, committed 112576K, reserved 1179648K
  class space    used 13009K, committed 13440K, reserved 1048576K
}
Event: 694.808 GC heap after
{Heap after GC invocations=49 (full 2):
 garbage-first heap   total reserved 4028416K, committed 184320K, used 68852K [0x000000070a200000, 0x0000000800000000)
  region size 2048K, 5 young (10240K), 5 survivors (10240K)
 Metaspace       used 111628K, committed 112576K, reserved 1179648K
  class space    used 13009K, committed 13440K, reserved 1048576K
}
Event: 741.194 GC heap before
{Heap before GC invocations=49 (full 2):
 garbage-first heap   total reserved 4028416K, committed 184320K, used 107764K [0x000000070a200000, 0x0000000800000000)
  region size 2048K, 25 young (51200K), 5 survivors (10240K)
 Metaspace       used 111822K, committed 112704K, reserved 1179648K
  class space    used 13033K, committed 13440K, reserved 1048576K
}

Dll operation events (12 events):
Event: 0.016 Loaded shared library C:\Program Files\Java\jdk-24\bin\java.dll
Event: 0.293 Loaded shared library C:\Program Files\Java\jdk-24\bin\zip.dll
Event: 0.298 Loaded shared library C:\Program Files\Java\jdk-24\bin\instrument.dll
Event: 0.305 Loaded shared library C:\Program Files\Java\jdk-24\bin\net.dll
Event: 0.309 Loaded shared library C:\Program Files\Java\jdk-24\bin\nio.dll
Event: 0.321 Loaded shared library C:\Program Files\Java\jdk-24\bin\zip.dll
Event: 0.665 Loaded shared library C:\Program Files\Java\jdk-24\bin\jimage.dll
Event: 0.677 Loaded shared library C:\Program Files\Java\jdk-24\bin\extnet.dll
Event: 0.715 Loaded shared library C:\Program Files\Java\jdk-24\bin\management.dll
Event: 0.727 Loaded shared library C:\Program Files\Java\jdk-24\bin\management_ext.dll
Event: 3.285 Loaded shared library C:\Program Files\Java\jdk-24\bin\sunmscapi.dll
Event: 6.250 Loaded shared library C:\Program Files\Java\jdk-24\bin\verify.dll

Deoptimization events (14 events):
Event: 2.268 Thread 0x0000026cc6448090 DEOPT PACKING pc=0x0000026cec56eec1 sp=0x000000c5ee9fed90
Event: 2.268 Thread 0x0000026cc6448090 DEOPT UNPACKING pc=0x0000026cec0b5722 sp=0x000000c5ee9fe1e8 mode 3
Event: 10.631 Thread 0x0000026cc62df300 DEOPT PACKING pc=0x0000026cec6576ea sp=0x000000c5ee1fa190
Event: 10.631 Thread 0x0000026cc62df300 DEOPT UNPACKING pc=0x0000026cec0b5722 sp=0x000000c5ee1f9698 mode 3
Event: 37.478 Thread 0x0000026cc60a9390 DEOPT PACKING pc=0x0000026cecc8341c sp=0x000000c5ef7fef60
Event: 37.478 Thread 0x0000026cc60a9390 DEOPT UNPACKING pc=0x0000026cec0b5722 sp=0x000000c5ef7fe3f8 mode 0
Event: 39.567 Thread 0x0000026cc60adcb0 DEOPT PACKING pc=0x0000026cecc8341c sp=0x000000c5ef9ff020
Event: 39.567 Thread 0x0000026cc60adcb0 DEOPT UNPACKING pc=0x0000026cec0b5722 sp=0x000000c5ef9fe4b8 mode 0
Event: 41.077 Thread 0x0000026cc60ad560 DEOPT PACKING pc=0x0000026cecc8341c sp=0x000000c5efbff1c0
Event: 41.077 Thread 0x0000026cc60ad560 DEOPT UNPACKING pc=0x0000026cec0b5722 sp=0x000000c5efbfe658 mode 0
Event: 43.094 Thread 0x0000026cc60ab0d0 DEOPT PACKING pc=0x0000026cecc8341c sp=0x000000c5ef6feb40
Event: 43.094 Thread 0x0000026cc60ab0d0 DEOPT UNPACKING pc=0x0000026cec0b5722 sp=0x000000c5ef6fdfd8 mode 0
Event: 44.620 Thread 0x0000026cc60ace10 DEOPT PACKING pc=0x0000026cecc8341c sp=0x000000c5efcfed10
Event: 44.620 Thread 0x0000026cc60ace10 DEOPT UNPACKING pc=0x0000026cec0b5722 sp=0x000000c5efcfe1a8 mode 0

Classes loaded (20 events):
Event: 684.747 Loading class java/io/FileOutputStream$1
Event: 684.747 Loading class java/io/FileOutputStream$1 done
Event: 684.820 Loading class java/lang/ref/Finalizer$1
Event: 684.820 Loading class java/lang/ref/Finalizer$1 done
Event: 686.320 Loading class java/lang/Configurable
Event: 686.320 Loading class java/lang/Configurable done
Event: 686.322 Loading class java/lang/Configurable
Event: 686.322 Loading class java/lang/Configurable done
Event: 686.323 Loading class java/lang/Configurable
Event: 686.323 Loading class java/lang/Configurable done
Event: 688.779 Loading class java/time/DurationEditor
Event: 688.779 Loading class java/time/DurationEditor done
Event: 692.392 Loading class java/lang/Configurable
Event: 692.392 Loading class java/lang/Configurable done
Event: 692.394 Loading class java/lang/Configurable
Event: 692.394 Loading class java/lang/Configurable done
Event: 692.397 Loading class java/lang/Configurable
Event: 692.397 Loading class java/lang/Configurable done
Event: 693.519 Loading class sun/security/util/MemoryCache$QueueCacheEntry
Event: 693.519 Loading class sun/security/util/MemoryCache$QueueCacheEntry done

Classes unloaded (20 events):
Event: 691.450 Thread 0x0000026cf67088f0 Unloading class 0x0000026c81801400 'java/lang/invoke/LambdaForm$MH+0x0000026c81801400'
Event: 691.450 Thread 0x0000026cf67088f0 Unloading class 0x0000026c817ddc00 'java/lang/invoke/LambdaForm$MH+0x0000026c817ddc00'
Event: 691.450 Thread 0x0000026cf67088f0 Unloading class 0x0000026c817dd800 'java/lang/invoke/LambdaForm$MH+0x0000026c817dd800'
Event: 691.450 Thread 0x0000026cf67088f0 Unloading class 0x0000026c817dcc00 'java/lang/invoke/LambdaForm$MH+0x0000026c817dcc00'
Event: 691.451 Thread 0x0000026cf67088f0 Unloading class 0x0000026c814c1000 'java/lang/invoke/LambdaForm$MH+0x0000026c814c1000'
Event: 691.451 Thread 0x0000026cf67088f0 Unloading class 0x0000026c814b7400 'java/lang/invoke/LambdaForm$MH+0x0000026c814b7400'
Event: 691.451 Thread 0x0000026cf67088f0 Unloading class 0x0000026c814b7000 'java/lang/invoke/LambdaForm$MH+0x0000026c814b7000'
Event: 691.451 Thread 0x0000026cf67088f0 Unloading class 0x0000026c814b4c00 'java/lang/invoke/LambdaForm$MH+0x0000026c814b4c00'
Event: 691.451 Thread 0x0000026cf67088f0 Unloading class 0x0000026c814a8800 'java/lang/invoke/LambdaForm$MH+0x0000026c814a8800'
Event: 691.451 Thread 0x0000026cf67088f0 Unloading class 0x0000026c81c74000 'org/apache/catalina/loader/JdbcLeakPrevention'
Event: 691.451 Thread 0x0000026cf67088f0 Unloading class 0x0000026c81452c00 'java/lang/invoke/LambdaForm$MH+0x0000026c81452c00'
Event: 691.451 Thread 0x0000026cf67088f0 Unloading class 0x0000026c81451800 'java/lang/invoke/LambdaForm$MH+0x0000026c81451800'
Event: 691.451 Thread 0x0000026cf67088f0 Unloading class 0x0000026c81450000 'java/lang/invoke/LambdaForm$MH+0x0000026c81450000'
Event: 691.451 Thread 0x0000026cf67088f0 Unloading class 0x0000026c81440400 'java/lang/invoke/LambdaForm$MH+0x0000026c81440400'
Event: 691.451 Thread 0x0000026cf67088f0 Unloading class 0x0000026c813f8c00 'java/lang/invoke/LambdaForm$MH+0x0000026c813f8c00'
Event: 691.451 Thread 0x0000026cf67088f0 Unloading class 0x0000026c813f1800 'java/lang/invoke/LambdaForm$MH+0x0000026c813f1800'
Event: 691.451 Thread 0x0000026cf67088f0 Unloading class 0x0000026c813f0000 'java/lang/invoke/LambdaForm$MH+0x0000026c813f0000'
Event: 691.451 Thread 0x0000026cf67088f0 Unloading class 0x0000026c81129000 'java/lang/invoke/LambdaForm$MH+0x0000026c81129000'
Event: 691.451 Thread 0x0000026cf67088f0 Unloading class 0x0000026c81009c00 'java/lang/invoke/LambdaForm$MH+0x0000026c81009c00'
Event: 691.451 Thread 0x0000026cf67088f0 Unloading class 0x0000026c81009800 'java/lang/invoke/LambdaForm$MH+0x0000026c81009800'

Classes redefined (0 events):
No events

Internal exceptions (20 events):
Event: 692.393 Thread 0x0000026cc60aa230 Exception <a 'java/lang/ArrayIndexOutOfBoundsException'{0x00000007112e5920}> (0x00000007112e5920) 
thrown [s\open\src\hotspot\share\runtime\sharedRuntime.cpp, line 678]
Event: 692.393 Thread 0x0000026cc60aa230 Exception <a 'java/lang/ArrayIndexOutOfBoundsException'{0x00000007112e61a8}> (0x00000007112e61a8) 
thrown [s\open\src\hotspot\share\runtime\sharedRuntime.cpp, line 678]
Event: 692.396 Thread 0x0000026cc60aa230 Exception <a 'java/lang/ArrayIndexOutOfBoundsException'{0x00000007112f3fa8}> (0x00000007112f3fa8) 
thrown [s\open\src\hotspot\share\runtime\sharedRuntime.cpp, line 678]
Event: 692.396 Thread 0x0000026cc60aa230 Exception <a 'java/lang/ArrayIndexOutOfBoundsException'{0x00000007112f4580}> (0x00000007112f4580) 
thrown [s\open\src\hotspot\share\runtime\sharedRuntime.cpp, line 678]
Event: 692.396 Thread 0x0000026cc60aa230 Exception <a 'java/lang/ArrayIndexOutOfBoundsException'{0x0000000711306be0}> (0x0000000711306be0) 
thrown [s\open\src\hotspot\share\runtime\sharedRuntime.cpp, line 678]
Event: 692.396 Thread 0x0000026cc60aa230 Exception <a 'java/lang/ArrayIndexOutOfBoundsException'{0x0000000711307468}> (0x0000000711307468) 
thrown [s\open\src\hotspot\share\runtime\sharedRuntime.cpp, line 678]
Event: 692.486 Thread 0x0000026cc60aa230 Exception <a 'java/io/FileNotFoundException'{0x0000000710670540}> (0x0000000710670540) 
thrown [s\open\src\hotspot\share\prims\jni.cpp, line 518]
Event: 692.486 Thread 0x0000026cc60aa230 Exception <a 'java/io/FileNotFoundException'{0x0000000710671790}> (0x0000000710671790) 
thrown [s\open\src\hotspot\share\prims\jni.cpp, line 518]
Event: 692.507 Thread 0x0000026cc60aa230 Exception <a 'java/io/IOException'{0x0000000710440c38}> (0x0000000710440c38) 
thrown [s\open\src\hotspot\share\prims\jni.cpp, line 518]
Event: 692.508 Thread 0x0000026cc60aa230 Exception <a 'java/io/IOException'{0x0000000710441368}> (0x0000000710441368) 
thrown [s\open\src\hotspot\share\prims\jni.cpp, line 518]
Event: 692.508 Thread 0x0000026cc60aa230 Exception <a 'java/io/IOException'{0x0000000710441a88}> (0x0000000710441a88) 
thrown [s\open\src\hotspot\share\prims\jni.cpp, line 518]
Event: 692.510 Thread 0x0000026cc60aa230 Exception <a 'java/io/IOException'{0x00000007104583b0}> (0x00000007104583b0) 
thrown [s\open\src\hotspot\share\prims\jni.cpp, line 518]
Event: 692.511 Thread 0x0000026cc60aa230 Exception <a 'java/io/IOException'{0x0000000710459380}> (0x0000000710459380) 
thrown [s\open\src\hotspot\share\prims\jni.cpp, line 518]
Event: 692.511 Thread 0x0000026cc60aa230 Exception <a 'java/io/IOException'{0x0000000710459e58}> (0x0000000710459e58) 
thrown [s\open\src\hotspot\share\prims\jni.cpp, line 518]
Event: 693.353 Thread 0x0000026cc60aa230 Exception <a 'java/io/FileNotFoundException'{0x0000000711ac0520}> (0x0000000711ac0520) 
thrown [s\open\src\hotspot\share\prims\jni.cpp, line 518]
Event: 693.354 Thread 0x0000026cc60aa230 Exception <a 'java/io/FileNotFoundException'{0x0000000711acb4e0}> (0x0000000711acb4e0) 
thrown [s\open\src\hotspot\share\prims\jni.cpp, line 518]
Event: 694.113 Thread 0x0000026cc60aa230 Exception <a 'java/io/IOException'{0x00000007125815e8}> (0x00000007125815e8) 
thrown [s\open\src\hotspot\share\prims\jni.cpp, line 518]
Event: 741.178 Thread 0x0000026cc60aeb50 Exception <a 'java/lang/InterruptedException'{0x00000007130a5268}: sleep interrupted> (0x00000007130a5268) 
thrown [s\open\src\hotspot\share\prims\jvm.cpp, line 2955]
Event: 741.179 Thread 0x0000026cc60ad560 Exception <a 'java/lang/InterruptedException'{0x0000000714e0f8d8}: sleep interrupted> (0x0000000714e0f8d8) 
thrown [s\open\src\hotspot\share\prims\jvm.cpp, line 2955]
Event: 741.194 Thread 0x0000026cc60a9390 Exception <a 'java/lang/InterruptedException'{0x0000000713d13638}: sleep interrupted> (0x0000000713d13638) 
thrown [s\open\src\hotspot\share\prims\jvm.cpp, line 2955]

VM Operations (20 events):
Event: 689.424 Executing VM operation: G1CollectForAllocation (G1 Evacuation Pause) done
Event: 691.422 Executing VM operation: G1CollectFull (System.gc())
Event: 691.501 Executing VM operation: G1CollectFull (System.gc()) done
Event: 692.744 Executing VM operation: G1CollectForAllocation (G1 Evacuation Pause)
Event: 692.749 Executing VM operation: G1CollectForAllocation (G1 Evacuation Pause) done
Event: 692.785 Executing VM operation: G1PauseRemark
Event: 692.789 Executing VM operation: G1PauseRemark done
Event: 692.800 Executing VM operation: G1PauseCleanup
Event: 692.800 Executing VM operation: G1PauseCleanup done
Event: 693.520 Executing VM operation: HandshakeAllThreads (Deoptimize)
Event: 693.520 Executing VM operation: HandshakeAllThreads (Deoptimize) done
Event: 693.658 Executing VM operation: G1CollectForAllocation (G1 Evacuation Pause)
Event: 693.664 Executing VM operation: G1CollectForAllocation (G1 Evacuation Pause) done
Event: 694.798 Executing VM operation: G1CollectForAllocation (G1 Evacuation Pause)
Event: 694.808 Executing VM operation: G1CollectForAllocation (G1 Evacuation Pause) done
Event: 721.198 Executing VM operation: HandshakeAllThreads (HandshakeForDeflation)
Event: 721.198 Executing VM operation: HandshakeAllThreads (HandshakeForDeflation) done
Event: 721.198 Executing VM operation: RendezvousGCThreads
Event: 721.198 Executing VM operation: RendezvousGCThreads done
Event: 741.194 Executing VM operation: G1CollectFull (System.gc())

Memory protections (0 events):
No events

Nmethod flushes (20 events):
Event: 692.788 Thread 0x0000026cf67088f0 flushing  nmethod 0x0000026cec203988
Event: 692.788 Thread 0x0000026cf67088f0 flushing  nmethod 0x0000026cec204008
Event: 692.788 Thread 0x0000026cf67088f0 flushing  nmethod 0x0000026cec204388
Event: 692.788 Thread 0x0000026cf67088f0 flushing  nmethod 0x0000026cec206988
Event: 692.788 Thread 0x0000026cf67088f0 flushing  nmethod 0x0000026cec2bb388
Event: 692.788 Thread 0x0000026cf67088f0 flushing  nmethod 0x0000026cec2bba08
Event: 692.788 Thread 0x0000026cf67088f0 flushing  nmethod 0x0000026cec2bc008
Event: 692.788 Thread 0x0000026cf67088f0 flushing  nmethod 0x0000026cec2bc608
Event: 692.788 Thread 0x0000026cf67088f0 flushing  nmethod 0x0000026cec2bc908
Event: 692.788 Thread 0x0000026cf67088f0 flushing  nmethod 0x0000026cec2bd188
Event: 692.788 Thread 0x0000026cf67088f0 flushing  nmethod 0x0000026cec2bdb88
Event: 692.788 Thread 0x0000026cf67088f0 flushing  nmethod 0x0000026cec2be188
Event: 692.788 Thread 0x0000026cf67088f0 flushing  nmethod 0x0000026cec2bf408
Event: 692.788 Thread 0x0000026cf67088f0 flushing  nmethod 0x0000026cec89d188
Event: 692.788 Thread 0x0000026cf67088f0 flushing  nmethod 0x0000026cec89da88
Event: 692.788 Thread 0x0000026cf67088f0 flushing  nmethod 0x0000026cec89dd88
Event: 692.788 Thread 0x0000026cf67088f0 flushing  nmethod 0x0000026cec982288
Event: 692.788 Thread 0x0000026cf67088f0 flushing  nmethod 0x0000026cec987b88
Event: 692.788 Thread 0x0000026cf67088f0 flushing  nmethod 0x0000026cecc3b188
Event: 692.788 Thread 0x0000026cf67088f0 flushing  nmethod 0x0000026cecc7c508

Events (20 events):
Event: 741.180 Thread 0x0000026cc8a7bf70 Thread exited: 0x0000026cc8a7bf70
Event: 741.180 Thread 0x0000026cc65faba0 Thread exited: 0x0000026cc65faba0
Event: 741.180 Thread 0x0000026cc65f8710 Thread exited: 0x0000026cc65f8710
Event: 741.180 Thread 0x0000026cc65fa450 Thread exited: 0x0000026cc65fa450
Event: 741.180 Thread 0x0000026cc65f95b0 Thread added: 0x0000026cc8a7a230
Event: 741.180 Thread 0x0000026cc8a7b820 Thread exited: 0x0000026cc8a7b820
Event: 741.180 Thread 0x0000026cc65f95b0 Thread added: 0x0000026cc8a7bf70
Event: 741.180 Thread 0x0000026cc8a7c6c0 Thread exited: 0x0000026cc8a7c6c0
Event: 741.180 Thread 0x0000026cc65f95b0 Thread added: 0x0000026cc8a7dcb0
Event: 741.180 Thread 0x0000026cc65f95b0 Thread added: 0x0000026cc8a7c6c0
Event: 741.180 Thread 0x0000026cc8a7a230 Thread exited: 0x0000026cc8a7a230
Event: 741.181 Thread 0x0000026cc8a7bf70 Thread exited: 0x0000026cc8a7bf70
Event: 741.181 Thread 0x0000026cc8a7c6c0 Thread exited: 0x0000026cc8a7c6c0
Event: 741.182 Thread 0x0000026cc8a7dcb0 Thread exited: 0x0000026cc8a7dcb0
Event: 741.185 Thread 0x0000026cc65f95b0 Thread added: 0x0000026cc8a7bf70
Event: 741.185 Thread 0x0000026cc60ace10 Thread exited: 0x0000026cc60ace10
Event: 741.189 Thread 0x0000026cc8a7bf70 Thread exited: 0x0000026cc8a7bf70
Event: 741.194 Thread 0x0000026cc60a7da0 Thread exited: 0x0000026cc60a7da0
Event: 741.194 Thread 0x0000026cc60a9390 Thread exited: 0x0000026cc60a9390
Event: 741.194 Thread 0x0000026cc60aa980 Thread exited: 0x0000026cc60aa980


Dynamic libraries:
0x00007ff621b30000 - 0x00007ff621b40000 	C:\Program Files\Java\jdk-24\bin\java.exe
0x00007fff509c0000 - 0x00007fff50c29000 	C:\WINDOWS\SYSTEM32\ntdll.dll
0x00007fff4fa80000 - 0x00007fff4fb49000 	C:\WINDOWS\System32\KERNEL32.DLL
0x00007fff4e040000 - 0x00007fff4e433000 	C:\WINDOWS\System32\KERNELBASE.dll
0x00007fff4dc00000 - 0x00007fff4dd4b000 	C:\WINDOWS\System32\ucrtbase.dll
0x00007fff440a0000 - 0x00007fff440bb000 	C:\Program Files\Java\jdk-24\bin\VCRUNTIME140.dll
0x00007fff43b20000 - 0x00007fff43b36000 	C:\Program Files\Java\jdk-24\bin\jli.dll
0x00007fff50000000 - 0x00007fff501c4000 	C:\WINDOWS\System32\USER32.dll
0x00007fff38210000 - 0x00007fff384a3000 	C:\WINDOWS\WinSxS\amd64_microsoft.windows.common-controls_6595b64144ccf1df_6.0.26100.5074_none_3e0d6f78e32fd63f\COMCTL32.dll
0x00007fff4e500000 - 0x00007fff4e527000 	C:\WINDOWS\System32\win32u.dll
0x00007fff50890000 - 0x00007fff508bb000 	C:\WINDOWS\System32\GDI32.dll
0x00007fff4e8d0000 - 0x00007fff4e979000 	C:\WINDOWS\System32\msvcrt.dll
0x00007fff4e530000 - 0x00007fff4e65d000 	C:\WINDOWS\System32\gdi32full.dll
0x00007fff4db50000 - 0x00007fff4dbf3000 	C:\WINDOWS\System32\msvcp_win.dll
0x00007fff50850000 - 0x00007fff5087f000 	C:\WINDOWS\System32\IMM32.DLL
0x00007fff48b00000 - 0x00007fff48b0c000 	C:\Program Files\Java\jdk-24\bin\vcruntime140_1.dll
0x00007fff11070000 - 0x00007fff110fe000 	C:\Program Files\Java\jdk-24\bin\msvcp140.dll
0x00007fff001a0000 - 0x00007fff00f41000 	C:\Program Files\Java\jdk-24\bin\server\jvm.dll
0x00007fff508c0000 - 0x00007fff50974000 	C:\WINDOWS\System32\ADVAPI32.dll
0x00007fff501e0000 - 0x00007fff50286000 	C:\WINDOWS\System32\sechost.dll
0x00007fff4f680000 - 0x00007fff4f798000 	C:\WINDOWS\System32\RPCRT4.dll
0x00007fff4fb80000 - 0x00007fff4fbf4000 	C:\WINDOWS\System32\WS2_32.dll
0x00007fff4d820000 - 0x00007fff4d87e000 	C:\WINDOWS\SYSTEM32\POWRPROF.dll
0x00007fff45e40000 - 0x00007fff45e75000 	C:\WINDOWS\SYSTEM32\WINMM.dll
0x00007fff46ad0000 - 0x00007fff46adb000 	C:\WINDOWS\SYSTEM32\VERSION.dll
0x00007fff4d800000 - 0x00007fff4d814000 	C:\WINDOWS\SYSTEM32\UMPDC.dll
0x00007fff4c8f0000 - 0x00007fff4c90b000 	C:\WINDOWS\SYSTEM32\kernel.appcore.dll
0x00007fff489f0000 - 0x00007fff489fa000 	C:\Program Files\Java\jdk-24\bin\jimage.dll
0x00007fff403d0000 - 0x00007fff40612000 	C:\WINDOWS\SYSTEM32\DBGHELP.DLL
0x00007fff504d0000 - 0x00007fff5084b000 	C:\WINDOWS\System32\combase.dll
0x00007fff4e7e0000 - 0x00007fff4e8b7000 	C:\WINDOWS\System32\OLEAUT32.dll
0x00007fff34300000 - 0x00007fff3433d000 	C:\WINDOWS\SYSTEM32\dbgcore.DLL
0x00007fff4e6f0000 - 0x00007fff4e789000 	C:\WINDOWS\System32\bcryptPrimitives.dll
0x00007fff46900000 - 0x00007fff4690f000 	C:\Program Files\Java\jdk-24\bin\instrument.dll
0x00007fff42380000 - 0x00007fff4239e000 	C:\Program Files\Java\jdk-24\bin\java.dll
0x00007fff4fe60000 - 0x00007fff4fff8000 	C:\WINDOWS\System32\ole32.dll
0x00007fff4ef30000 - 0x00007fff4f67d000 	C:\WINDOWS\System32\SHELL32.dll
0x00007fff4ded0000 - 0x00007fff4e03c000 	C:\WINDOWS\System32\wintypes.dll
0x00007fff4b770000 - 0x00007fff4bfc9000 	C:\WINDOWS\SYSTEM32\windows.storage.dll
0x00007fff503d0000 - 0x00007fff504c0000 	C:\WINDOWS\System32\SHCORE.dll
0x00007fff4ea30000 - 0x00007fff4ea92000 	C:\WINDOWS\System32\shlwapi.dll
0x00007fff4da70000 - 0x00007fff4da99000 	C:\WINDOWS\SYSTEM32\profapi.dll
0x00007fff3fa00000 - 0x00007fff3fa17000 	C:\Program Files\Java\jdk-24\bin\zip.dll
0x00007fff46530000 - 0x00007fff46540000 	C:\Program Files\Java\jdk-24\bin\net.dll
0x00007fff4ce50000 - 0x00007fff4cebb000 	C:\WINDOWS\system32\mswsock.dll
0x00007fff3eff0000 - 0x00007fff3f006000 	C:\Program Files\Java\jdk-24\bin\nio.dll
0x00007fff453b0000 - 0x00007fff453b9000 	C:\Program Files\Java\jdk-24\bin\extnet.dll
0x00007fff4c380000 - 0x00007fff4c4a6000 	C:\WINDOWS\SYSTEM32\DNSAPI.dll
0x00007fff4c2f0000 - 0x00007fff4c324000 	C:\WINDOWS\SYSTEM32\IPHLPAPI.DLL
0x00007fff501d0000 - 0x00007fff501da000 	C:\WINDOWS\System32\NSI.dll
0x00007fff46990000 - 0x00007fff4699b000 	C:\Windows\System32\rasadhlp.dll
0x00007fff47b10000 - 0x00007fff47b96000 	C:\WINDOWS\System32\fwpuclnt.dll
0x00007fff46320000 - 0x00007fff4632a000 	C:\Program Files\Java\jdk-24\bin\management.dll
0x00007fff45f10000 - 0x00007fff45f1b000 	C:\Program Files\Java\jdk-24\bin\management_ext.dll
0x00007fff4e8c0000 - 0x00007fff4e8c8000 	C:\WINDOWS\System32\PSAPI.DLL
0x00007fff4d220000 - 0x00007fff4d23b000 	C:\WINDOWS\SYSTEM32\CRYPTSP.dll
0x00007fff4c850000 - 0x00007fff4c88b000 	C:\WINDOWS\system32\rsaenh.dll
0x00007fff4cef0000 - 0x00007fff4cf1b000 	C:\WINDOWS\SYSTEM32\USERENV.dll
0x00007fff4da40000 - 0x00007fff4da66000 	C:\WINDOWS\SYSTEM32\bcrypt.dll
0x00007fff4d080000 - 0x00007fff4d08c000 	C:\WINDOWS\SYSTEM32\CRYPTBASE.dll
0x00007fff2f500000 - 0x00007fff2f518000 	C:\WINDOWS\system32\napinsp.dll
0x00007fff2f780000 - 0x00007fff2f792000 	C:\WINDOWS\System32\winrnr.dll
0x00007fff2f850000 - 0x00007fff2f878000 	C:\WINDOWS\system32\nlansp_c.dll
0x00007fff43610000 - 0x00007fff43626000 	C:\WINDOWS\system32\wshbth.dll
0x00007fff45220000 - 0x00007fff4522e000 	C:\Program Files\Java\jdk-24\bin\sunmscapi.dll
0x00007fff4dd50000 - 0x00007fff4dec7000 	C:\WINDOWS\System32\CRYPT32.dll
0x00007fff4d370000 - 0x00007fff4d3a0000 	C:\WINDOWS\SYSTEM32\ncrypt.dll
0x00007fff4d320000 - 0x00007fff4d35f000 	C:\WINDOWS\SYSTEM32\NTASN1.dll
0x00007fff46490000 - 0x00007fff464a0000 	C:\Program Files\Java\jdk-24\bin\verify.dll
0x00007fff3e710000 - 0x00007fff3e718000 	C:\WINDOWS\system32\wshunix.dll

JVMTI agents:
C:\Program Files\JetBrains\IntelliJ IDEA 2025.2.2\lib\idea_rt.jar path:C:\Program Files\Java\jdk-24\bin\instrument.dll, loaded, initialized, instrumentlib options:49962

dbghelp: loaded successfully - version: 4.0.5 - missing functions: none
symbol engine: initialized successfully - sym options: 0x614 - pdb path: .;C:\Program Files\Java\jdk-24\bin;C:\WINDOWS\SYSTEM32;C:\WINDOWS\WinSxS\amd64_microsoft.windows.common-controls_6595b64144ccf1df_6.0.26100.5074_none_3e0d6f78e32fd63f;C:\Program Files\Java\jdk-24\bin\server

VM Arguments:
jvm_args: -XX:TieredStopAtLevel=1 -Dspring.output.ansi.enabled=always -Dcom.sun.management.jmxremote -Dspring.jmx.enabled=true -Dspring.liveBeansView.mbeanDomain -Dspring.application.admin.enabled=true -Dmanagement.endpoints.jmx.exposure.include=* -javaagent:C:\Program Files\JetBrains\IntelliJ IDEA 2025.2.2\lib\idea_rt.jar=49962 -Dfile.encoding=UTF-8 -Dsun.stdout.encoding=UTF-8 -Dsun.stderr.encoding=UTF-8 
java_command: iuh.fit.se.KltnBackendApplication
java_class_path (initial): D:\nhom108-kltn\kltn-backend\build\classes\java\main;D:\nhom108-kltn\kltn-backend\build\resources\main;C:\Users\Da Nguym\.gradle\caches\modules-2\files-2.1\org.projectlombok\lombok\1.18.38\57f8f5e02e92a30fd21b80cbd426a4172b5f8e29\lombok-1.18.38.jar;C:\Users\Da Nguym\.gradle\caches\modules-2\files-2.1\org.mapstruct\mapstruct-processor\1.6.3\52e345c907fbf173b376586c7f8b131d53fa5867\mapstruct-processor-1.6.3.jar;C:\Users\Da Nguym\.gradle\caches\modules-2\files-2.1\org.springframework.boot\spring-boot-starter-data-jpa\3.5.5\1b0c807e0f584dcf2c8fe7360c07ff18faeacf30\spring-boot-starter-data-jpa-3.5.5.jar;C:\Users\Da Nguym\.gradle\caches\modules-2\files-2.1\org.springframework.boot\spring-boot-starter-web\3.5.5\b9039cd5aa1feda2cfbd487233e343f66627f78f\spring-boot-starter-web-3.5.5.jar;C:\Users\Da Nguym\.gradle\caches\modules-2\files-2.1\org.springdoc\springdoc-openapi-starter-webmvc-ui\2.8.13\db49b2687b07e26e8bc564282e99e55eaa6bb2f7\springdoc-openapi-starter-webmvc-ui-2.8.13.jar;C:\Users\Da Nguym\.gradle\caches\modules-2\files-2.1\org.springframework.boot\spring-boot-starter-validation\3.5.5\5510bd155652ef231976f1ff1ca1bb1d9698829c\spring-boot-starter-validation-3.5.5.jar;C:\Users\Da Nguym\.gradle\caches\modules-2\files-2.1\software.amazon.awssdk\s3\2.33.7\7a371b4eae1748571d1bda735b83dcf9c8d67201\s3-2.33.7.jar;C:\Users\Da Nguym\.gradle\caches\modules-2\files-2.1\org.mapstruct\mapstruct\1.6.3\416a2155212286d6a1c4cb3bb553c7dfd6a1a092\mapstruct-1.6.3.jar;C:\Users\Da Nguym\.gradle\caches\modules-2\files-2.1\me.paulschwarz\spring-dotenv\4.0.0\e0180f80e685a9506d1942e6836a16dee050ebaf\spring-dotenv-4.0.0.jar;C:\Users\Da Nguym\.gradle\caches\modules-2\files-2.1\org.springframework.boot\spring-boot-starter-security\3.5.5\d46f4927ef806fbbb509da0fbeabc9274163ef4c\spring-boot-starter-security-3.5.5.jar;C:\Users\Da Nguym\.gradle\caches\modules-2\files-2.1\org.springframework.boot\spring-boot-starter-oauth2-resource-server\3.5.5\ed9827bbf848ae69bbe7beed0e02f141de0a6a78\spring-boot-starter-oauth2-resource-server-3.5.5.jar;C:\Users\Da Nguym\.gradle\caches\modules-2\files-2.1\org.springframework.boot\spring-boot-starter-mail\3.5.5\1ad8951b8932a9016dcf01ed9230b294a85f4aa8\spring-boot-starter-mail-3.5.5.jar;C:\Users\Da Nguym\.gradle\caches\modules-2\files-2.1\com.fasterxml.jackson.core\jackson-core\2.20.0\3c97f7fad069f7cfae639d790bd93d6a0b2dff31\jackson-core-2.20.0.jar;C:\Users\Da Nguym\.gradle\caches\modules-2\files-2.1\com.fasterxml.jackson.core\jackson-databind\2.20.0\f0a5e62fbd21285e9a5498a60dccb097e1ef793b\jackson-databind-2.20.0.jar;C:\Users\Da Nguym\.gradle\caches\modules-2\files-2.1\com.fasterxml.jackson.core\jackson-annotations\2.20\6a5e7291ea3f2b590a7ce400adb7b3aea4d7e12c\jackson-annotations-2.20.jar;C:\Users\Da Nguym\.gradle\caches\modules-2\files-2.1\org.springframework.boot\spring-boot-starter-data-redis\3.5.5\9f0be6b11bbb371f625ec9d966752c350f9991b0\spring-boot-starter-data-redis-3.5.5.jar;C:\Users\Da Nguym\.gradle\caches\modules-2\files-2.1\org.springframework.boot\spring-boot-starter-thymeleaf\3.5.5\c29eca2ec435a68ff89db1b2effba18ff513c7e7\spring-boot-starter-thymeleaf-3.5.5.jar;C:\Users\Da Nguym\.gradle\caches\modules-2\files-2.1\org.mariadb.jdbc\mariadb-java-client\3.5.6\8ed7a307cfdb58c7d08983440411e178730cab04\mariadb-java-client-3.5.6.jar;C:\Users\Da Nguym\.gradle\caches\modules-2\files-2.1\org.springframework.boot\spring-boot-starter-jdbc\3.5.5\25ab9d086e35f606ea0147b10defdd1c8be3f25\spring-boot-starter-jdbc-3.5.5.jar;C:\Users\Da Nguym\.gradle\caches\modules-2\files-2.1\org.springframework.boot\spring-boot-starter\3.5.5\f0e27ab73519ebebfc72c9b16ccde342cc9f599d\spring-boot-starter-3.5.5.jar;C:\Users\Da Nguym\.gradle\caches\modules-2\files-2.1\org.hibernate.orm\hibernate-core\6.6.26.Final\4a89014a34c7c46d15da49de85aa879c603c962\hibernate-core-6.6.26.Final.jar;C:\Users\Da Nguym\.gradle\caches\modules-2\files-2.1\org.springframework.data\spring-data-jpa\3.5.3\ed2764475a3c53fec8d1b844f9700ce6427b29dc\spring-data-jpa-3.5.3.jar;C:\Users\Da Nguym\.gradle\caches\modules-2\files-2.1\org.springframework\spring-aspects\6.2.10\34303b4c9a50261522dbce2d4c3c659660b3c33\spring-aspects-6.2.10.jar;C:\Users\Da Nguym\.gradle\caches\modules-2\files-2.1\org.springframework.boot\spring-boot-starter-json\3.5.5\316736898ceac2a806e08e981ea059c78b982383\spring-boot-starter-json-3.5.5.jar;C:\Users\Da Nguym\.gradle\caches\modules-2\files-2.1\org.springframework.boot\spring-boot-starter-tomcat\3.5.5\c1342d34e6eeee72d98675d413ae2e925ea22852\spring-boot-starter-tomcat-3.5.5.jar;C:\Users\Da Nguym\.gradle\caches\modules-2\files-2.1\org.springframework\spring-webmvc\6.2.10\d3491aedc2636378cd273f6266d49f43a8b3e241\spring-webmvc-6.2.10.jar;C:\Users\Da Nguym\.gradle\caches\modules-2\files-2.1\org.springframework\spring-web\6.2.10\38c2f6633a44b385b6263294c38e5a4f217c005c\spring-web-6.2.10.jar;C:\Users\Da Nguym\.gradle\caches\modules-2\files-2.1\org.springdoc\springdoc-openapi-starter-webmvc-api\2.8.13\18fbbaaacc501632a7b20181be898c46a42c51b3\springdoc-openapi-starter-webmvc-api-2.8.13.jar;C:\Users\Da Nguym\.gradle\caches\modules-2\files-2.1\org.webjars\swagger-ui\5.28.1\4f03c4cd37d8e0d98e1f02a20b2d8007b52236ca\swagger-ui-5.28.1.jar;C:\Users\Da Nguym\.gradle\caches\modules-2\files-2.1\org.webjars\webjars-locator-lite\1.1.0\4aaeaa0cdaabb6c72a98894f0faf41037a907115\webjars-locator-lite-1.1.0.jar;C:\Users\Da Nguym\.gradle\caches\modules-2\files-2.1\org.apache.tomcat.embed\tomcat-embed-el\10.1.44\6ee7685651c5eba1f4bef99f9dbb38b89d1a6cb6\tomcat-embed-el-10.1.44.jar;C:\Users\Da Nguym\.gradle\caches\modules-2\files-2.1\org.hibernate.validator\hibernate-validator\8.0.3.Final\4425f554297a1c5ba03a3f30e559a9fd91048cf8\hibernate-validator-8.0.3.Final.jar;C:\Users\Da Nguym\.gradle\caches\modules-2\files-2.1\software.amazon.awssdk\aws-xml-protocol\2.33.7\7abea6ace949743631dc325780a5cfa86d5ac349\aws-xml-protocol-2.33.7.jar;C:\Users\Da Nguym\.gradle\caches\modules-2\files-2.1\software.amazon.awssdk\protocol-core\2.33.7\f21b7e5205737a0725044d80d841cde08e6eabf2\protocol-core-2.33.7.jar;C:\Users\Da Nguym\.gradle\caches\modules-2\files-2.1\software.amazon.awssdk\arns\2.33.7\7f90c11515ddc119d6a53744dba70003a4a7f907\arns-2.33.7.jar;C:\Users\Da Nguym\.gradle\caches\modules-2\files-2.1\software.amazon.awssdk\aws-core\2.33.7\c484efb5ca1b9060f3683cbc45ae009b76206a13\aws-core-2.33.7.jar;C:\Users\Da Nguym\.gradle\caches\modules-2\files-2.1\software.amazon.awssdk\auth\2.33.7\e7eea838de03cb219ecef7776baadcc1fe3d737e\auth-2.33.7.jar;C:\Users\Da Nguym\.gradle\caches\modules-2\files-2.1\software.amazon.awssdk\regions\2.33.7\125e9a243196cb0ffbab3b4ab82e85eea8d534b\regions-2.33.7.jar;C:\Users\Da Nguym\.gradle\caches\modules-2\files-2.1\software.amazon.awssdk\sdk-core\2.33.7\60b3d5bc4d361e02b183ead302d3e8690d1123d5\sdk-core-2.33.7.jar;C:\Users\Da Nguym\.gradle\caches\modules-2\files-2.1\software.amazon.awssdk\profiles\2.33.7\f1d5c33f1d60b00359cb2a4ac290ee0aad0c0ea4\profiles-2.33.7.jar;C:\Users\Da Nguym\.gradle\caches\modules-2\files-2.1\software.amazon.awssdk\crt-core\2.33.7\cde1071a1b87ca8cf69dd222f592e9c664934919\crt-core-2.33.7.jar;C:\Users\Da Nguym\.gradle\caches\modules-2\files-2.1\software.amazon.awssdk\http-auth\2.33.7\9e4e90ad9bc3125dc88a31a886d4e02cb2cf58e3\http-auth-2.33.7.jar;C:\Users\Da Nguym\.gradle\caches\modules-2\files-2.1\software.amazon.awssdk\http-auth-aws\2.33.7\462fee83ce4e27452b3ace6b58515303d3f55297\http-auth-aws-2.33.7.jar;C:\Users\Da Nguym\.gradle\caches\modules-2\files-2.1\software.amazon.awssdk\http-auth-spi\2.33.7\ae5e63cc2726e3361d60f89e89fedaf592843255\http-auth-spi-2.33.7.jar;C:\Users\Da Nguym\.gradle\caches\modules-2\files-2.1\software.amazon.awssdk\identity-spi\2.33.7\e9f268db5f90eb83455e830bd4f5ae6ddb232070\identity-spi-2.33.7.jar;C:\Users\Da Nguym\.gradle\caches\modules-2\files-2.1\software.amazon.awssdk\checksums\2.33.7\3165d6365161743375b6be4314a7e8f56133e0ca\checksums-2.33.7.jar;C:\Users\Da Nguym\.gradle\caches\modules-2\files-2.1\software.amazon.awssdk\checksums-spi\2.33.7\6af743356e550bfada96bc77f8fadd9dec0b7a35\checksums-spi-2.33.7.jar;C:\Users\Da Nguym\.gradle\caches\modules-2\files-2.1\software.amazon.awssdk\retries-spi\2.33.7\11ef895c6c3078a3465440d7ad22c9b6e411f80\retries-spi-2.33.7.jar;C:\Users\Da Nguym\.gradle\caches\modules-2\files-2.1\software.amazon.awssdk\http-client-spi\2.33.7\910f6b4f30adf9f9367d79fa4be6d598d01eb5e4\http-client-spi-2.33.7.jar;C:\Users\Da Nguym\.gradle\caches\modules-2\files-2.1\software.amazon.awssdk\metrics-spi\2.33.7\db6d9bce156a71599e3a1bde20a4491febf000e4\metrics-spi-2.33.7.jar;C:\Users\Da Nguym\.gradle\caches\modules-2\files-2.1\software.amazon.awssdk\json-utils\2.33.7\d4ec3d578437a1c6c8c952a2cf89e7ea71dc56c\json-utils-2.33.7.jar;C:\Users\Da Nguym\.gradle\caches\modules-2\files-2.1\software.amazon.awssdk\utils\2.33.7\2638cc3f8e54b941302e83327dbe93c81e05ad6b\utils-2.33.7.jar;C:\Users\Da Nguym\.gradle\caches\modules-2\files-2.1\software.amazon.awssdk\endpoints-spi\2.33.7\dbb96871a948fbd6eab0a29936611b492c7619e6\endpoints-spi-2.33.7.jar;C:\Users\Da Nguym\.gradle\caches\modules-2\files-2.1\software.amazon.awssdk\annotations\2.33.7\fc16a1d7eaaf5048a5de49a59b9ed3728002052\annotations-2.33.7.jar;C:\Users\Da Nguym\.gradle\caches\modules-2\files-2.1\org.springframework.security\spring-security-web\6.5.3\29e50540ef987241f13ece8aa4297c524cdca5ed\spring-security-web-6.5.3.jar;C:\Users\Da Nguym\.gradle\caches\modules-2\files-2.1\org.springframework.security\spring-security-config\6.5.3\3f6b50fd0d0bd61dc1bc4e49c055b6995c47c2a3\spring-security-config-6.5.3.jar;C:\Users\Da Nguym\.gradle\caches\modules-2\files-2.1\org.springframework\spring-aop\6.2.10\2b194c29deaadb71a8a8e5b8b41d9521c29a0d66\spring-aop-6.2.10.jar;C:\Users\Da Nguym\.gradle\caches\modules-2\files-2.1\org.springframework.security\spring-security-oauth2-resource-server\6.5.3\8d94263c074debf8ad4f0ebaa807dd3ba3c9c0a7\spring-security-oauth2-resource-server-6.5.3.jar;C:\Users\Da Nguym\.gradle\caches\modules-2\files-2.1\org.springframework.security\spring-security-oauth2-jose\6.5.3\dc56f4791f647f317b3a9a7f1c212987c2f6d1a\spring-security-oauth2-jose-6.5.3.jar;C:\Users\Da Nguym\.gradle\caches\modules-2\files-2.1\org.springframework.security\spring-security-core\6.5.3\1f526b23fad4f4db5c8cc1c30eed7abb82d32702\spring-security-core-6.5.3.jar;C:\Users\Da Nguym\.gradle\caches\modules-2\files-2.1\org.springframework\spring-context-support\6.2.10\a7e8c2e3113342f564f88c323a23310855cbe427\spring-context-support-6.2.10.jar;C:\Users\Da Nguym\.gradle\caches\modules-2\files-2.1\org.eclipse.angus\jakarta.mail\2.0.4\c9186aca3267c1ee38ada22acfb12d7ef5c73593\jakarta.mail-2.0.4.jar;C:\Users\Da Nguym\.gradle\caches\modules-2\files-2.1\org.springframework.data\spring-data-redis\3.5.3\6e6f84b80e460c447b87ec0a866999c990847bd7\spring-data-redis-3.5.3.jar;C:\Users\Da Nguym\.gradle\caches\modules-2\files-2.1\io.lettuce\lettuce-core\6.6.0.RELEASE\8a9bb7a3291328f4a0156643dddd3f1194bd26f3\lettuce-core-6.6.0.RELEASE.jar;C:\Users\Da Nguym\.gradle\caches\modules-2\files-2.1\org.thymeleaf\thymeleaf-spring6\3.1.3.RELEASE\4b276ea2bd536a18e44b40ff1d9f4848965ff59c\thymeleaf-spring6-3.1.3.RELEASE.jar;C:\Users\Da Nguym\.gradle\caches\modules-2\files-2.1\org.springframework\spring-jdbc\6.2.10\4514e36bf0880464b9b55ecf0ea6ebd7362b664\spring-jdbc-6.2.10.jar;C:\Users\Da Nguym\.gradle\caches\modules-2\files-2.1\com.zaxxer\HikariCP\6.3.2\d09ad7d252c2a8daaa99ed5f3b0d54f95b9b344\HikariCP-6.3.2.jar;C:\Users\Da Nguym\.gradle\caches\modules-2\files-2.1\org.springframework.boot\spring-boot-autoconfigure\3.5.5\348f4fb99d61a1ea039a44ec667b61657adb54b2\spring-boot-autoconfigure-3.5.5.jar;C:\Users\Da Nguym\.gradle\caches\modules-2\files-2.1\org.springframework.boot\spring-boot\3.5.5\7d50b76ea4905d6c61fea5cb6556bc735c55da1\spring-boot-3.5.5.jar;C:\Users\Da Nguym\.gradle\caches\modules-2\files-2.1\org.springframework.boot\spring-boot-starter-logging\3.5.5\981750c503485e442e37b7cac1dc19c5ddfc6d58\spring-boot-starter-logging-3.5.5.jar;C:\Users\Da Nguym\.gradle\caches\modules-2\files-2.1\jakarta.annotation\jakarta.annotation-api\2.1.1\48b9bda22b091b1f48b13af03fe36db3be6e1ae3\jakarta.annotation-api-2.1.1.jar;C:\Users\Da Nguym\.gradle\caches\modules-2\files-2.1\org.springframework\spring-core\6.2.10\82d9c797f9147b643ac0aab8a1a40e96f8d8a737\spring-core-6.2.10.jar;C:\Users\Da Nguym\.gradle\caches\modules-2\files-2.1\org.yaml\snakeyaml\2.4\e0666b825b796f85521f02360e77f4c92c5a7a07\snakeyaml-2.4.jar;C:\Users\Da Nguym\.gradle\caches\modules-2\files-2.1\jakarta.persistence\jakarta.persistence-api\3.1.0\66901fa1c373c6aff65c13791cc11da72060a8d6\jakarta.persistence-api-3.1.0.jar;C:\Users\Da Nguym\.gradle\caches\modules-2\files-2.1\jakarta.transaction\jakarta.transaction-api\2.0.1\51a520e3fae406abb84e2e1148e6746ce3f80a1a\jakarta.transaction-api-2.0.1.jar;C:\Users\Da Nguym\.gradle\caches\modules-2\files-2.1\org.springframework\spring-context\6.2.10\80464a79539a19a00e32eccb041670f34857fe7\spring-context-6.2.10.jar;C:\Users\Da Nguym\.gradle\caches\modules-2\files-2.1\org.springframework\spring-orm\6.2.10\4bf04f4693bfbb56248b0dccc7f5e0ec77f95ca6\spring-orm-6.2.10.jar;C:\Users\Da Nguym\.gradle\caches\modules-2\files-2.1\org.springframework.data\spring-data-commons\3.5.3\886e56cfc383f757f057901dc7c448d8dcc73fed\spring-data-commons-3.5.3.jar;C:\Users\Da Nguym\.gradle\caches\modules-2\files-2.1\org.springframework\spring-tx\6.2.10\bd4915d9862f127b45bae75195622d84f36a5373\spring-tx-6.2.10.jar;C:\Users\Da Nguym\.gradle\caches\modules-2\files-2.1\org.springframework\spring-beans\6.2.10\88ffda89593a74bb356a96ea2ed235ec6e083cfa\spring-beans-6.2.10.jar;C:\Users\Da Nguym\.gradle\caches\modules-2\files-2.1\org.antlr\antlr4-runtime\4.13.0\5a02e48521624faaf5ff4d99afc88b01686af655\antlr4-runtime-4.13.0.jar;C:\Users\Da Nguym\.gradle\caches\modules-2\files-2.1\org.slf4j\slf4j-api\2.0.17\d9e58ac9c7779ba3bf8142aff6c830617a7fe60f\slf4j-api-2.0.17.jar;C:\Users\Da Nguym\.gradle\caches\modules-2\files-2.1\org.aspectj\aspectjweaver\1.9.24\9b5aeb0cea9f958b9c57fb80e62996e95a3e9379\aspectjweaver-1.9.24.jar;C:\Users\Da Nguym\.gradle\caches\modules-2\files-2.1\com.fasterxml.jackson.datatype\jackson-datatype-jdk8\2.19.2\a720d3946c3a1ab04b780f3b3163d62eee6948a0\jackson-datatype-jdk8-2.19.2.jar;C:\Users\Da Nguym\.gradle\caches\modules-2\files-2.1\com.fasterxml.jackson.datatype\jackson-datatype-jsr310\2.19.2\72e73f048b36d9df82aef146bf8b2ae63b2e28e2\jackson-datatype-jsr310-2.19.2.jar;C:\Users\Da Nguym\.gradle\caches\modules-2\files-2.1\com.fasterxml.jackson.module\jackson-module-parameter-names\2.19.2\3c4ce467c11364c72ec4967c570fd5a2d1be1d0b\jackson-module-parameter-names-2.19.2.jar;C:\Users\Da Nguym\.gradle\caches\modules-2\files-2.1\org.apache.tomcat.embed\tomcat-embed-websocket\10.1.44\1966a8224858c4b4480469bfcdcaa3f8faf59cc7\tomcat-embed-websocket-10.1.44.jar;C:\Users\Da Nguym\.gradle\caches\modules-2\files-2.1\org.apache.tomcat.embed\tomcat-embed-core\10.1.44\5e18d00936ca925c9249f1a8e77c0e8adf1d6287\tomcat-embed-core-10.1.44.jar;C:\Users\Da Nguym\.gradle\caches\modules-2\files-2.1\org.springframework\spring-expression\6.2.10\16bdfead8a73673e395441c14b1868a128fc87c2\spring-expression-6.2.10.jar;C:\Users\Da Nguym\.gradle\caches\modules-2\files-2.1\io.micrometer\micrometer-observation\1.15.3\e95d07e329f6d3ecb15a6ba1c5d96c25b9df0a97\micrometer-observation-1.15.3.jar;C:\Users\Da Nguym\.gradle\caches\modules-2\files-2.1\org.springdoc\springdoc-openapi-starter-common\2.8.13\728d6b5b7fa89057043d5ec91e52f22b7f38a0a1\springdoc-openapi-starter-common-2.8.13.jar;C:\Users\Da Nguym\.gradle\caches\modules-2\files-2.1\org.jspecify\jspecify\1.0.0\7425a601c1c7ec76645a78d22b8c6a627edee507\jspecify-1.0.0.jar;C:\Users\Da Nguym\.gradle\caches\modules-2\files-2.1\jakarta.validation\jakarta.validation-api\3.0.2\92b6631659ba35ca09e44874d3eb936edfeee532\jakarta.validation-api-3.0.2.jar;C:\Users\Da Nguym\.gradle\caches\modules-2\files-2.1\org.jboss.logging\jboss-logging\3.6.1.Final\886afbb445b4016a37c8960a7aef6ebd769ce7e5\jboss-logging-3.6.1.Final.jar;C:\Users\Da Nguym\.gradle\caches\modules-2\files-2.1\com.fasterxml\classmate\1.7.0\e98374da1f2143ac8e6e0a95036994bb19137a3\classmate-1.7.0.jar;C:\Users\Da Nguym\.gradle\caches\modules-2\files-2.1\software.amazon.awssdk\aws-query-protocol\2.33.7\e706463a6c85d08b20fee3aa17a8950a2f33868f\aws-query-protocol-2.33.7.jar;C:\Users\Da Nguym\.gradle\caches\modules-2\files-2.1\software.amazon.awssdk\retries\2.33.7\5a7b7c82afac2defeeebb08d3421b8881388b6b9\retries-2.33.7.jar;C:\Users\Da Nguym\.gradle\caches\modules-2\files-2.1\software.amazon.eventstream\eventstream\1.0.1\6ff8649dffc5190366ada897ba8525a836297784\eventstream-1.0.1.jar;C:\Users\Da Nguym\.gradle\caches\modules-2\files-2.1\software.amazon.awssdk\http-auth-aws-eventstream\2.33.7\4cae97e5e310823d8921b1dcc5fc4294001f580\http-auth-aws-eventstream-2.33.7.jar;C:\Users\Da Nguym\.gradle\caches\modules-2\files-2.1\org.reactivestreams\reactive-streams\1.0.4\3864a1320d97d7b045f729a326e1e077661f31b7\reactive-streams-1.0.4.jar;C:\Users\Da Nguym\.gradle\caches\modules-2\files-2.1\software.amazon.awssdk\third-party-jackson-core\2.33.7\e8208196372791a56d5222d34b4ce7bf3a82cc64\third-party-jackson-core-2.33.7.jar;C:\Users\Da Nguym\.gradle\caches\modules-2\files-2.1\org.springframework.security\spring-security-oauth2-core\6.5.3\a7375808f7030850d76b2afd79c28a9ad403d3af\spring-security-oauth2-core-6.5.3.jar;C:\Users\Da Nguym\.gradle\caches\modules-2\files-2.1\com.nimbusds\nimbus-jose-jwt\9.37.3\700f71ffefd60c16bd8ce711a956967ea9071cec\nimbus-jose-jwt-9.37.3.jar;C:\Users\Da Nguym\.gradle\caches\modules-2\files-2.1\org.springframework.security\spring-security-crypto\6.5.3\b120779667b42a1a412aa0e4426dfab5287f2d5a\spring-security-crypto-6.5.3.jar;C:\Users\Da Nguym\.gradle\caches\modules-2\files-2.1\jakarta.activation\jakarta.activation-api\2.1.3\fa165bd70cda600368eee31555222776a46b881f\jakarta.activation-api-2.1.3.jar;C:\Users\Da Nguym\.gradle\caches\modules-2\files-2.1\org.springframework.data\spring-data-keyvalue\3.5.3\221fca06eafb7f9ae8a5045ba517a739fbb52438\spring-data-keyvalue-3.5.3.jar;C:\Users\Da Nguym\.gradle\caches\modules-2\files-2.1\org.springframework\spring-oxm\6.2.10\9711da11064cb42961852ffc75fc6c82d62658c6\spring-oxm-6.2.10.jar;C:\Users\Da Nguym\.gradle\caches\modules-2\files-2.1\redis.clients.authentication\redis-authx-core\0.1.1-beta2\4037345ff29fb22c737bab2ed116a34262718ae5\redis-authx-core-0.1.1-beta2.jar;C:\Users\Da Nguym\.gradle\caches\modules-2\files-2.1\io.projectreactor\reactor-core\3.7.9\95a14ea97f7c99e0897120dc6fe46370c040f7a6\reactor-core-3.7.9.jar;C:\Users\Da Nguym\.gradle\caches\modules-2\files-2.1\io.netty\netty-handler\4.1.124.Final\13abbd2534e08e60b42829900d2a5d10b9417129\netty-handler-4.1.124.Final.jar;C:\Users\Da Nguym\.gradle\caches\modules-2\files-2.1\io.netty\netty-transport\4.1.124.Final\ce4f80c96f32d51659e142237c3ffbc678765e4e\netty-transport-4.1.124.Final.jar;C:\Users\Da Nguym\.gradle\caches\modules-2\files-2.1\io.netty\netty-common\4.1.124.Final\46f22130821ee796e347b90693f61d7fc4b2e8a6\netty-common-4.1.124.Final.jar;C:\Users\Da Nguym\.gradle\caches\modules-2\files-2.1\org.thymeleaf\thymeleaf\3.1.3.RELEASE\51474f2a90b282ee97dabcd159c7faf24790f373\thymeleaf-3.1.3.RELEASE.jar;C:\Users\Da Nguym\.gradle\caches\modules-2\files-2.1\ch.qos.logback\logback-classic\1.5.18\fc371f3fc97a639de2d67947cffb7518ec5e3d40\logback-classic-1.5.18.jar;C:\Users\Da Nguym\.gradle\caches\modules-2\files-2.1\org.apache.logging.log4j\log4j-to-slf4j\2.24.3\da1143e2a2531ee1c2d90baa98eb50a28a39d5a7\log4j-to-slf4j-2.24.3.jar;C:\Users\Da Nguym\.gradle\caches\modules-2\files-2.1\org.slf4j\jul-to-slf4j\2.0.17\524cb6ccc2b68a57604750e1ab8b13b5a786a6aa\jul-to-slf4j-2.0.17.jar;C:\Users\Da Nguym\.gradle\caches\modules-2\files-2.1\org.springframework\spring-jcl\6.2.10\9ff7e998fe11d991f6b7fd000a0c6583c9e6ffee\spring-jcl-6.2.10.jar;C:\Users\Da Nguym\.gradle\caches\modules-2\files-2.1\io.micrometer\micrometer-commons\1.15.3\3a97060d64a54daa11f14365aebc559fa8820281\micrometer-commons-1.15.3.jar;C:\Users\Da Nguym\.gradle\caches\modules-2\files-2.1\io.swagger.core.v3\swagger-core-jakarta\2.2.36\a7df95215f3851d4ca841a30e1cb84c4f8222da9\swagger-core-jakarta-2.2.36.jar;C:\Users\Da Nguym\.gradle\caches\modules-2\files-2.1\com.github.stephenc.jcip\jcip-annotations\1.0-1\ef31541dd28ae2cefdd17c7ebf352d93e9058c63\jcip-annotations-1.0-1.jar;C:\Users\Da Nguym\.gradle\caches\modules-2\files-2.1\io.netty\netty-transport-native-unix-common\4.1.124.Final\6df613f0356d4de02574507754afb33874a7336\netty-transport-native-unix-common-4.1.124.Final.jar;C:\Users\Da Nguym\.gradle\caches\modules-2\files-2.1\io.netty\netty-codec\4.1.124.Final\81e66a1586b6ae4f810f297d2b050c968a11658\netty-codec-4.1.124.Final.jar;C:\Users\Da Nguym\.gradle\caches\modules-2\files-2.1\io.netty\netty-resolver\4.1.124.Final\85758b8fd2e75bce01423298592401bf649a5e31\netty-resolver-4.1.124.Final.jar;C:\Users\Da Nguym\.gradle\caches\modules-2\files-2.1\io.netty\netty-buffer\4.1.124.Final\1e9c299dc908e801b4e041bef1b81cfe0ca0038c\netty-buffer-4.1.124.Final.jar;C:\Users\Da Nguym\.gradle\caches\modules-2\files-2.1\org.attoparser\attoparser\2.0.7.RELEASE\e5d0e988d9124139d645bb5872b24dfa23e283cc\attoparser-2.0.7.RELEASE.jar;C:\Users\Da Nguym\.gradle\caches\modules-2\files-2.1\org.unbescape\unbescape\1.1.6.RELEASE\7b90360afb2b860e09e8347112800d12c12b2a13\unbescape-1.1.6.RELEASE.jar;C:\Users\Da Nguym\.gradle\caches\modules-2\files-2.1\ch.qos.logback\logback-core\1.5.18\6c0375624f6f36b4e089e2488ba21334a11ef13f\logback-core-1.5.18.jar;C:\Users\Da Nguym\.gradle\caches\modules-2\files-2.1\org.apache.logging.log4j\log4j-api\2.24.3\b02c125db8b6d295adf72ae6e71af5d83bce2370\log4j-api-2.24.3.jar;C:\Users\Da Nguym\.gradle\caches\modules-2\files-2.1\com.fasterxml.jackson.dataformat\jackson-dataformat-yaml\2.19.2\ba1079940daa609061e46c80b72c5546c4718401\jackson-dataformat-yaml-2.19.2.jar;C:\Users\Da Nguym\.gradle\caches\modules-2\files-2.1\io.swagger.core.v3\swagger-models-jakarta\2.2.36\8f92ba7ae6f78100b13a98428aedab0580323785\swagger-models-jakarta-2.2.36.jar;C:\Users\Da Nguym\.gradle\caches\modules-2\files-2.1\jakarta.xml.bind\jakarta.xml.bind-api\4.0.2\6cd5a999b834b63238005b7144136379dc36cad2\jakarta.xml.bind-api-4.0.2.jar;C:\Users\Da Nguym\.gradle\caches\modules-2\files-2.1\org.apache.commons\commons-lang3\3.17.0\b17d2136f0460dcc0d2016ceefca8723bdf4ee70\commons-lang3-3.17.0.jar;C:\Users\Da Nguym\.gradle\caches\modules-2\files-2.1\io.swagger.core.v3\swagger-annotations-jakarta\2.2.36\ba0c4e8b63775179ebe7c185744137f26cdbe87e\swagger-annotations-jakarta-2.2.36.jar;C:\Users\Da Nguym\.gradle\caches\modules-2\files-2.1\org.springframework.boot\spring-boot-devtools\3.5.5\44910edfe0372607eb82abe80eb52699627ec85a\spring-boot-devtools-3.5.5.jar;C:\Users\Da Nguym\.gradle\caches\modules-2\files-2.1\software.amazon.awssdk\apache-client\2.33.7\6734a1b90c143cb7d47c38df3feae21ae24d72b7\apache-client-2.33.7.jar;C:\Users\Da Nguym\.gradle\caches\modules-2\files-2.1\software.amazon.awssdk\netty-nio-client\2.33.7\786f9cc917295fabe517a6cad331183f80ae6976\netty-nio-client-2.33.7.jar;C:\Users\Da Nguym\.gradle\caches\modules-2\files-2.1\io.github.cdimascio\dotenv-java\3.0.0\f535c5df8b98575eabb2820e548f5ba8a987fe69\dotenv-java-3.0.0.jar;C:\Users\Da Nguym\.gradle\caches\modules-2\files-2.1\org.hibernate.common\hibernate-commons-annotations\7.0.3.Final\e183c4be8bb41d12e9f19b374e00c34a0a85f439\hibernate-commons-annotations-7.0.3.Final.jar;C:\Users\Da Nguym\.gradle\caches\modules-2\files-2.1\io.smallrye\jandex\3.2.0\f17ad860f62a08487b9edabde608f8ac55c62fa7\jandex-3.2.0.jar;C:\Users\Da Nguym\.gradle\caches\modules-2\files-2.1\net.bytebuddy\byte-buddy\1.17.7\3856bfab61beb23e099a0d6629f2ba8de4b98ace\byte-buddy-1.17.7.jar;C:\Users\Da Nguym\.gradle\caches\modules-2\files-2.1\org.glassfish.jaxb\jaxb-runtime\4.0.5\ca84c2a7169b5293e232b9d00d1e4e36d4c3914a\jaxb-runtime-4.0.5.jar;C:\Users\Da Nguym\.gradle\caches\modules-2\files-2.1\jakarta.inject\jakarta.inject-api\2.0.1\4c28afe1991a941d7702fe1362c365f0a8641d1e\jakarta.inject-api-2.0.1.jar;C:\Users\Da Nguym\.gradle\caches\modules-2\files-2.1\org.apache.httpcomponents\httpclient\4.5.13\e5f6cae5ca7ecaac1ec2827a9e2d65ae2869cada\httpclient-4.5.13.jar;C:\Users\Da Nguym\.gradle\caches\modules-2\files-2.1\org.apache.httpcomponents\httpcore\4.4.16\51cf043c87253c9f58b539c9f7e44c8894223850\httpcore-4.4.16.jar;C:\Users\Da Nguym\.gradle\caches\modules-2\files-2.1\commons-codec\commons-codec\1.18.0\ee45d1cf6ec2cc2b809ff04b4dc7aec858e0df8f\commons-codec-1.18.0.jar;C:\Users\Da Nguym\.gradle\caches\modules-2\files-2.1\io.netty\netty-codec-http2\4.1.124.Final\24f9b9afacb3d79c176d10424890ebd4457ceaf7\netty-codec-http2-4.1.124.Final.jar;C:\Users\Da Nguym\.gradle\caches\modules-2\files-2.1\io.netty\netty-codec-http\4.1.124.Final\57d4a06c3241f153410ffec292004fbba87b9695\netty-codec-http-4.1.124.Final.jar;C:\Users\Da Nguym\.gradle\caches\modules-2\files-2.1\io.netty\netty-transport-classes-epoll\4.1.124.Final\c211ad4e253d8fbb195a868d849c2645544866e7\netty-transport-classes-epoll-4.1.124.Final.jar;C:\Users\Da Nguym\.gradle\caches\modules-2\files-2.1\org.eclipse.angus\angus-activation\2.0.2\41f1e0ddd157c856926ed149ab837d110955a9fc\angus-activation-2.0.2.jar;C:\Users\Da Nguym\.gradle\caches\modules-2\files-2.1\org.glassfish.jaxb\jaxb-core\4.0.5\7b4b11ea5542eea4ad55e1080b23be436795b3\jaxb-core-4.0.5.jar;C:\Users\Da Nguym\.gradle\caches\modules-2\files-2.1\commons-logging\commons-logging\1.2\4bfc12adfe4842bf07b657f0369c4cb522955686\commons-logging-1.2.jar;C:\Users\Da Nguym\.gradle\caches\modules-2\files-2.1\org.glassfish.jaxb\txw2\4.0.5\f36a4ef12120a9bb06d766d6a0e54b144fd7ed98\txw2-4.0.5.jar;C:\Users\Da Nguym\.gradle\caches\modules-2\files-2.1\com.sun.istack\istack-commons-runtime\4.1.2\18ec117c85f3ba0ac65409136afa8e42bc74e739\istack-commons-runtime-4.1.2.jar
Launcher Type: SUN_STANDARD

[Global flags]
     intx CICompilerCount                          = 4                                         {product} {ergonomic}
     uint ConcGCThreads                            = 3                                         {product} {ergonomic}
     uint G1ConcRefinementThreads                  = 10                                        {product} {ergonomic}
   size_t G1HeapRegionSize                         = 2097152                                   {product} {ergonomic}
   size_t InitialHeapSize                          = 257949696                                 {product} {ergonomic}
     bool ManagementServer                         = true                                      {product} {command line}
   size_t MarkStackSize                            = 4194304                                   {product} {ergonomic}
   size_t MarkStackSizeMax                         = 536870912                                 {product} {ergonomic}
   size_t MaxHeapSize                              = 4125097984                                {product} {ergonomic}
   size_t MaxNewSize                               = 2474639360                                {product} {ergonomic}
   size_t MinHeapDeltaBytes                        = 2097152                                   {product} {ergonomic}
   size_t MinHeapSize                              = 8388608                                   {product} {ergonomic}
    uintx NonNMethodCodeHeapSize                   = 4096                                   {pd product} {ergonomic}
    uintx NonProfiledCodeHeapSize                  = 0                                      {pd product} {ergonomic}
     bool ProfileInterpreter                       = false                                  {pd product} {command line}
    uintx ProfiledCodeHeapSize                     = 0                                      {pd product} {ergonomic}
   size_t SoftMaxHeapSize                          = 4125097984                             {manageable} {ergonomic}
     intx TieredStopAtLevel                        = 1                                         {product} {command line}
     bool UseCompressedOops                        = true                           {product lp64_product} {ergonomic}
     bool UseG1GC                                  = true                                      {product} {ergonomic}
     bool UseLargePagesIndividualAllocation        = false                                  {pd product} {ergonomic}

Logging:
Log output configuration:
 #0: stdout all=warning uptime,level,tags foldmultilines=false
 #1: stderr all=off uptime,level,tags foldmultilines=false

Environment Variables:
PATH=C:\Program Files\Common Files\Oracle\Java\javapath;C:\WINDOWS\system32;C:\WINDOWS;C:\WINDOWS\System32\Wbem;C:\WINDOWS\System32\WindowsPowerShell\v1.0\;C:\WINDOWS\System32\OpenSSH\;C:\Program Files (x86)\Microsoft SQL Server\160\Tools\Binn\;C:\Program Files\Microsoft SQL Server\160\Tools\Binn\;C:\Program Files\Microsoft SQL Server\Client SDK\ODBC\170\Tools\Binn\;C:\Program Files\Microsoft SQL Server\160\DTS\Binn\;C:\Program Files (x86)\Microsoft SQL Server\160\DTS\Binn\;C:\Program Files\MongoDB\Server\7.0\bin\;C:\Program Files\MongoDB\Tools\100\bin\;C:\Program Files\nodejs\;C:\ProgramData\chocolatey\bin;C:\Program Files\Firebird\Firebird_2_5\bin;C:\Program Files\MariaDB 11.5\bin\;E:\built\Java\payara6\bin;C:\Program Files\Microsoft SQL Server\150\Tools\Binn\;C:\Program Files\Git\cmd;C:\Program Files\Docker\Docker\resources\bin;C:\Program Files\Amazon\AWSCLIV2\;C:\Program Files\Java\jdk-24\bin;C:\Program Files\Java\jdk-21\bin;C:\Users\Da Nguym\AppData\Local\Programs\Python\Python313\Scripts\;C:\Users\Da Nguym\AppData\Local\Programs\Python\Python313\;C:\Users\Da Nguym\AppData\Local\Programs\Python\Launcher\;C:\Users\Da Nguym\AppData\Local\Microsoft\WindowsApps;C:\Users\Da Nguym\AppData\Local\Programs\Microsoft VS Code\bin;%IntelliJ IDEA Community Edition%;C:\Users\Da Nguym\AppData\Local\Programs\mongosh\;C:\Users\Da Nguym\AppData\Roaming\npm;C:\Program Files\JetBrains\IntelliJ IDEA 2025.2.2\bin
USERNAME=Da Nguym
OS=Windows_NT
PROCESSOR_IDENTIFIER=AMD64 Family 23 Model 104 Stepping 1, AuthenticAMD
TMP=C:\Users\DANGUY~1\AppData\Local\Temp
TEMP=C:\Users\DANGUY~1\AppData\Local\Temp




Periodic native trim disabled

---------------  S Y S T E M  ---------------

OS:
 Windows 11 , 64 bit Build 26100 (10.0.26100.5074)
OS uptime: 0 days 15:10 hours
Hyper-V role detected

CPU: total 12 (initial active 12) (12 cores per cpu, 2 threads per core) family 23 model 104 stepping 1 microcode 0x8608103, cx8, cmov, fxsr, ht, mmx, 3dnowpref, sse, sse2, sse3, ssse3, sse4a, sse4.1, sse4.2, popcnt, lzcnt, tsc, tscinvbit, avx, avx2, aes, clmul, bmi1, bmi2, adx, sha, fma, vzeroupper, clflush, clflushopt, hv, rdtscp, rdpid, f16c
Processor Information for the first 12 processors :
  Max Mhz: 2100, Current Mhz: 2100, Mhz Limit: 2100

Memory: 4k page, system-wide physical 15733M (1150M free)
TotalPageFile size 19829M (AvailPageFile size 3M)
current process WorkingSet (physical memory assigned to process): 404M, peak: 406M
current process commit charge ("private bytes"): 449M, peak: 468M

vm_info: Java HotSpot(TM) 64-Bit Server VM (24.0.2+12-54) for windows-amd64 JRE (24.0.2+12-54), built on 2025-07-08T12:10:27Z with MS VC++ 17.6 (VS2022)

END.
